Using pre-set license
Built from '2020.3/release' branch; Version is '2020.3.12f1 (b3b2c6512326) revision 11776710'; Using compiler version '192528614'; Build Type 'Release'
OS: 'Windows 10 Pro; OS build 19044.1566; Version 2009; 64bit' Language: 'tr' Physical Memory: 8128 MB
BatchMode: 1, IsHumanControllingUs: 0, StartBugReporterOnCrash: 0, Is64bit: 1, IsPro: 0

 COMMAND LINE ARGUMENTS:
D:\UnityHub\2020.3.12f1\Editor\Unity.exe
-adb2
-batchMode
-noUpm
-name
AssetImportWorker1
-projectPath
D:/Jam
-logFile
Logs/AssetImportWorker1.log
-srvPort
60425
Successfully changed project path to: D:/Jam
D:/Jam
Using Asset Import Pipeline V2.
Refreshing native plugins compatible for Editor in 41.69 ms, found 2 plugins.
Preloading 0 native plugins for Editor in 0.00 ms.
Initialize engine version: 2020.3.12f1 (b3b2c6512326)
[Subsystems] Discovering subsystems at path D:/UnityHub/2020.3.12f1/Editor/Data/Resources/UnitySubsystems
[Subsystems] Discovering subsystems at path D:/Jam/Assets
GfxDevice: creating device client; threaded=0
Direct3D:
    Version:  Direct3D 11.0 [level 11.1]
    Renderer: Radeon RX 570 Series (ID=0x67df)
    Vendor:   
    VRAM:     4075 MB
    Driver:   30.0.14023.1009
Initialize mono
Mono path[0] = 'D:/UnityHub/2020.3.12f1/Editor/Data/Managed'
Mono path[1] = 'D:/UnityHub/2020.3.12f1/Editor/Data/MonoBleedingEdge/lib/mono/unityjit'
Mono config path = 'D:/UnityHub/2020.3.12f1/Editor/Data/MonoBleedingEdge/etc'
Using monoOptions --debugger-agent=transport=dt_socket,embedding=1,server=y,suspend=n,address=127.0.0.1:56236
Begin MonoManager ReloadAssembly
Registering precompiled unity dll's ...
Register platform support module: D:/UnityHub/2020.3.12f1/Editor/Data/PlaybackEngines/WindowsStandaloneSupport/UnityEditor.WindowsStandalone.Extensions.dll
Registered in 0.001378 seconds.
Native extension for WindowsStandalone target not found
Refreshing native plugins compatible for Editor in 40.70 ms, found 2 plugins.
Preloading 0 native plugins for Editor in 0.00 ms.
Mono: successfully reloaded assembly
- Completed reload, in  1.492 seconds
Platform modules already initialized, skipping
Registering precompiled user dll's ...
Registered in 0.003079 seconds.
Begin MonoManager ReloadAssembly
Native extension for WindowsStandalone target not found
Refreshing native plugins compatible for Editor in 0.51 ms, found 2 plugins.
Preloading 0 native plugins for Editor in 0.00 ms.
Mono: successfully reloaded assembly
- Completed reload, in  2.264 seconds
Platform modules already initialized, skipping
========================================================================
Worker process is ready to serve import requests
Launched and connected shader compiler UnityShaderCompiler.exe after 0.13 seconds
Refreshing native plugins compatible for Editor in 0.46 ms, found 2 plugins.
Preloading 0 native plugins for Editor in 0.00 ms.
Unloading 1546 Unused Serialized files (Serialized files now loaded: 0)
System memory in use before: 71.4 MB.
System memory in use after: 71.5 MB.

Unloading 17 unused Assets to reduce memory usage. Loaded Objects now: 1981.
Total: 2.726300 ms (FindLiveObjects: 0.277800 ms CreateObjectMapping: 0.041400 ms MarkObjects: 2.325600 ms  DeleteObjects: 0.079500 ms)

AssetImportParameters requested are different than current active one (requested -> active):
  custom:framework-win-MediaFoundation: 216162199b28c13a410421893ffa2e32 -> 
  custom:video-decoder-ogg-theora: a1e56fd34408186e4bbccfd4996cb3dc -> 
  custom:container-muxer-webm: aa71ff27fc2769a1b78a27578f13a17b -> 
  custom:container-demuxer-webm: 4f35f7cbe854078d1ac9338744f61a02 -> 
  custom:container-demuxer-ogg: 62fdf1f143b41e24485cea50d1cbac27 -> 
  custom:video-encoder-webm-vp8: eb34c28f22e8b96e1ab97ce403110664 -> 
  custom:video-decoder-webm-vp8: 9c59270c3fd7afecdb556c50c9e8de78 -> 
  custom:audio-decoder-ogg-vorbis: bf7c407c2cedff20999df2af8eb42d56 -> 
  custom:audio-encoder-webm-vorbis: bf7c407c2cedff20999df2af8eb42d56 -> 
========================================================================
Received Import Request.
  path: Assets/Material/Table5.mat
  artifactKey: Guid(3eb304ff5bcc7bc46970e7580059ac49) Importer(815301076,1909f56bfc062723c751e8b465ee728b)
Start importing Assets/Material/Table5.mat using Guid(3eb304ff5bcc7bc46970e7580059ac49) Importer(815301076,1909f56bfc062723c751e8b465ee728b)  -> (artifact id: '8a4a41381fbd35b28a8fafb08c7c49d0') in 0.735467 seconds 
  Import took 0.788533 seconds .

========================================================================
Received Import Request.
  Time since last request: 0.000232 seconds.
  path: Assets/Material/Table4.mat
  artifactKey: Guid(6d1788a4fa7cf0e4f93984aace2ccf84) Importer(815301076,1909f56bfc062723c751e8b465ee728b)
Start importing Assets/Material/Table4.mat using Guid(6d1788a4fa7cf0e4f93984aace2ccf84) Importer(815301076,1909f56bfc062723c751e8b465ee728b)  -> (artifact id: '02a68c2cbf2745563d13178a01f15cb1') in 0.278449 seconds 
  Import took 0.317126 seconds .

========================================================================
Received Import Request.
  Time since last request: 0.000197 seconds.
  path: Assets/Material/tabela3_Table5_Normal.jpg
  artifactKey: Guid(3f331e8d6b7e708479d06edfaa2e1f4c) Importer(815301076,1909f56bfc062723c751e8b465ee728b)
Start importing Assets/Material/tabela3_Table5_Normal.jpg using Guid(3f331e8d6b7e708479d06edfaa2e1f4c) Importer(815301076,1909f56bfc062723c751e8b465ee728b)  -> (artifact id: '433c4edca65ce30545e389f6ebb56b04') in 0.048667 seconds 
  Import took 0.081649 seconds .

========================================================================
Received Import Request.
  Time since last request: 0.000317 seconds.
  path: Assets/Material/lambert4.mat
  artifactKey: Guid(e185632e69bcd4631960aabf9495b63f) Importer(815301076,1909f56bfc062723c751e8b465ee728b)
Start importing Assets/Material/lambert4.mat using Guid(e185632e69bcd4631960aabf9495b63f) Importer(815301076,1909f56bfc062723c751e8b465ee728b)  -> (artifact id: 'e738421f9ed64ed1dcec1afafb96f4be') in 0.086896 seconds 
  Import took 0.113720 seconds .

========================================================================
Received Import Request.
  Time since last request: 0.000248 seconds.
  path: Assets/Material/Table2_Table4_Normal.jpg
  artifactKey: Guid(1133605fe400bd643af97df62a78f3ff) Importer(815301076,1909f56bfc062723c751e8b465ee728b)
Start importing Assets/Material/Table2_Table4_Normal.jpg using Guid(1133605fe400bd643af97df62a78f3ff) Importer(815301076,1909f56bfc062723c751e8b465ee728b)  -> (artifact id: 'd99abd30497c05d7bc1c8a662075ff3c') in 0.033603 seconds 
  Import took 0.053842 seconds .

========================================================================
Received Prepare
Registering precompiled user dll's ...
Registered in 0.003107 seconds.
Begin MonoManager ReloadAssembly
Native extension for WindowsStandalone target not found
Refreshing native plugins compatible for Editor in 0.38 ms, found 2 plugins.
Preloading 0 native plugins for Editor in 0.00 ms.
Mono: successfully reloaded assembly
- Completed reload, in  0.977 seconds
Platform modules already initialized, skipping
Refreshing native plugins compatible for Editor in 0.41 ms, found 2 plugins.
Preloading 0 native plugins for Editor in 0.00 ms.
Unloading 1538 Unused Serialized files (Serialized files now loaded: 0)
System memory in use before: 74.5 MB.
System memory in use after: 74.6 MB.

Unloading 12 unused Assets to reduce memory usage. Loaded Objects now: 2025.
Total: 2.077000 ms (FindLiveObjects: 0.180900 ms CreateObjectMapping: 0.040000 ms MarkObjects: 1.837200 ms  DeleteObjects: 0.017800 ms)

AssetImportParameters requested are different than current active one (requested -> active):
  custom:framework-win-MediaFoundation: 216162199b28c13a410421893ffa2e32 -> 
  custom:video-decoder-ogg-theora: a1e56fd34408186e4bbccfd4996cb3dc -> 
  custom:container-muxer-webm: aa71ff27fc2769a1b78a27578f13a17b -> 
  custom:container-demuxer-webm: 4f35f7cbe854078d1ac9338744f61a02 -> 
  custom:container-demuxer-ogg: 62fdf1f143b41e24485cea50d1cbac27 -> 
  custom:video-encoder-webm-vp8: eb34c28f22e8b96e1ab97ce403110664 -> 
  custom:video-decoder-webm-vp8: 9c59270c3fd7afecdb556c50c9e8de78 -> 
  custom:audio-decoder-ogg-vorbis: bf7c407c2cedff20999df2af8eb42d56 -> 
  custom:audio-encoder-webm-vorbis: bf7c407c2cedff20999df2af8eb42d56 -> 
========================================================================
Received Import Request.
  Time since last request: 927.651485 seconds.
  path: Assets/Model/saksı.fbx
  artifactKey: Guid(b4c2e8f2a6d60f946a9122dcf593e16b) Importer(815301076,1909f56bfc062723c751e8b465ee728b)
Start importing Assets/Model/saksı.fbx using Guid(b4c2e8f2a6d60f946a9122dcf593e16b) Importer(815301076,1909f56bfc062723c751e8b465ee728b)  -> (artifact id: '5085cb8a908a0286fc1c20f555fd03ba') in 0.311168 seconds 
  Import took 0.334928 seconds .

========================================================================
Received Import Request.
  Time since last request: 226.532337 seconds.
  path: Assets/Model/KartonKutu.fbx
  artifactKey: Guid(63d07f7d102b1434ab459626ffd7974e) Importer(815301076,1909f56bfc062723c751e8b465ee728b)
Start importing Assets/Model/KartonKutu.fbx using Guid(63d07f7d102b1434ab459626ffd7974e) Importer(815301076,1909f56bfc062723c751e8b465ee728b)  -> (artifact id: '8fd6fa7f2cf069ed11cd25570456625c') in 0.057829 seconds 
  Import took 0.086231 seconds .

========================================================================
Received Import Request.
  Time since last request: 0.000216 seconds.
  path: Assets/Model/KartonKutu2.fbx
  artifactKey: Guid(212117ba71fe73445a0938e09bfff069) Importer(815301076,1909f56bfc062723c751e8b465ee728b)
Start importing Assets/Model/KartonKutu2.fbx using Guid(212117ba71fe73445a0938e09bfff069) Importer(815301076,1909f56bfc062723c751e8b465ee728b)  -> (artifact id: '603daa0fe8ae8141ab63c1fd7230bd69') in 0.021205 seconds 
  Import took 0.044793 seconds .

========================================================================
Received Import Request.
  Time since last request: 188.806770 seconds.
  path: Assets/Model/KayganZemin.fbx
  artifactKey: Guid(2c9b251879f721f438826b9fa51efca4) Importer(815301076,1909f56bfc062723c751e8b465ee728b)
Start importing Assets/Model/KayganZemin.fbx using Guid(2c9b251879f721f438826b9fa51efca4) Importer(815301076,1909f56bfc062723c751e8b465ee728b)  -> (artifact id: '582622f8568fa3b2cbcdc76d64ee66c8') in 0.020454 seconds 
  Import took 0.056741 seconds .

========================================================================
Received Import Request.
  Time since last request: 0.000994 seconds.
  path: Assets/Model/KayganZemin.fbx
  artifactKey: Guid(2c9b251879f721f438826b9fa51efca4) Importer(815301076,1909f56bfc062723c751e8b465ee728b)
Start importing Assets/Model/KayganZemin.fbx using Guid(2c9b251879f721f438826b9fa51efca4) Importer(815301076,1909f56bfc062723c751e8b465ee728b)  -> (artifact id: '582622f8568fa3b2cbcdc76d64ee66c8') in 0.019086 seconds 
  Import took 0.021639 seconds .

========================================================================
Received Import Request.
  Time since last request: 5.713893 seconds.
  path: Assets/Model/KayganZemin.fbx
  artifactKey: Guid(2c9b251879f721f438826b9fa51efca4) Importer(815301076,1909f56bfc062723c751e8b465ee728b)
Start importing Assets/Model/KayganZemin.fbx using Guid(2c9b251879f721f438826b9fa51efca4) Importer(815301076,1909f56bfc062723c751e8b465ee728b)  -> (artifact id: 'fdc6c1c41b825f834377269d280636ce') in 0.027061 seconds 
  Import took 0.039233 seconds .

========================================================================
Received Import Request.
  Time since last request: 0.008594 seconds.
  path: Assets/Model/KayganZemin.fbx
  artifactKey: Guid(2c9b251879f721f438826b9fa51efca4) Importer(815301076,1909f56bfc062723c751e8b465ee728b)
Start importing Assets/Model/KayganZemin.fbx using Guid(2c9b251879f721f438826b9fa51efca4) Importer(815301076,1909f56bfc062723c751e8b465ee728b)  -> (artifact id: 'fdc6c1c41b825f834377269d280636ce') in 0.027733 seconds 
  Import took 0.032018 seconds .

========================================================================
Received Import Request.
  Time since last request: 0.674442 seconds.
  path: Assets/Material/KayganZemin.mat
  artifactKey: Guid(37fd666edd9b72947a846c0551ff63ef) Importer(815301076,1909f56bfc062723c751e8b465ee728b)
Start importing Assets/Material/KayganZemin.mat using Guid(37fd666edd9b72947a846c0551ff63ef) Importer(815301076,1909f56bfc062723c751e8b465ee728b)  -> (artifact id: '545c9da19bee4ba7502f1a4d01f6b2e3') in 0.009579 seconds 
  Import took 0.035378 seconds .

========================================================================
Received Import Request.
  Time since last request: 8.074416 seconds.
  path: Assets/Material/KayganZemin_KayganZemin_BaseMap.jpg
  artifactKey: Guid(8dec207356003834b9ca98c7116848b5) Importer(815301076,1909f56bfc062723c751e8b465ee728b)
Start importing Assets/Material/KayganZemin_KayganZemin_BaseMap.jpg using Guid(8dec207356003834b9ca98c7116848b5) Importer(815301076,1909f56bfc062723c751e8b465ee728b)  -> (artifact id: '5950074843919688579531870eaee910') in 0.017083 seconds 
  Import took 0.027079 seconds .

========================================================================
Received Import Request.
  Time since last request: 0.000214 seconds.
  path: Assets/Material/KayganZemin_KayganZemin_Normal.jpg
  artifactKey: Guid(8a090098ea525574d93935baa1722b20) Importer(815301076,1909f56bfc062723c751e8b465ee728b)
Start importing Assets/Material/KayganZemin_KayganZemin_Normal.jpg using Guid(8a090098ea525574d93935baa1722b20) Importer(815301076,1909f56bfc062723c751e8b465ee728b)  -> (artifact id: 'd7cb65fa4e6a95f933c39961553b42c7') in 0.010229 seconds 
  Import took 0.030472 seconds .

========================================================================
Received Import Request.
  Time since last request: 1352.509333 seconds.
  path: Assets/Model/Stairs.fbx
  artifactKey: Guid(7d1372f37293b44449f4b4ab730c9e2c) Importer(815301076,1909f56bfc062723c751e8b465ee728b)
Start importing Assets/Model/Stairs.fbx using Guid(7d1372f37293b44449f4b4ab730c9e2c) Importer(815301076,1909f56bfc062723c751e8b465ee728b)  -> (artifact id: '49c90c41e4805b16b9c6edfbf4343b70') in 0.039584 seconds 
  Import took 0.069226 seconds .

========================================================================
Received Import Request.
  Time since last request: 8.987762 seconds.
  path: Assets/Model/Stairs.fbx
  artifactKey: Guid(7d1372f37293b44449f4b4ab730c9e2c) Importer(815301076,1909f56bfc062723c751e8b465ee728b)
Start importing Assets/Model/Stairs.fbx using Guid(7d1372f37293b44449f4b4ab730c9e2c) Importer(815301076,1909f56bfc062723c751e8b465ee728b)  -> (artifact id: 'f161b80b22522c96896021ad1538d809') in 0.016088 seconds 
  Import took 0.032390 seconds .

========================================================================
Received Import Request.
  Time since last request: 0.760918 seconds.
  path: Assets/Material/KayganZemin.mat
  artifactKey: Guid(37fd666edd9b72947a846c0551ff63ef) Importer(815301076,1909f56bfc062723c751e8b465ee728b)
Start importing Assets/Material/KayganZemin.mat using Guid(37fd666edd9b72947a846c0551ff63ef) Importer(815301076,1909f56bfc062723c751e8b465ee728b)  -> (artifact id: 'e6b8b91eb60cf85e2b9e0a185dfdbb02') in 0.299141 seconds 
  Import took 0.360820 seconds .

========================================================================
Received Import Request.
  Time since last request: 0.000176 seconds.
  path: Assets/Material/KayganZemin_KayganZemin_Normal.jpg
  artifactKey: Guid(8a090098ea525574d93935baa1722b20) Importer(815301076,1909f56bfc062723c751e8b465ee728b)
Start importing Assets/Material/KayganZemin_KayganZemin_Normal.jpg using Guid(8a090098ea525574d93935baa1722b20) Importer(815301076,1909f56bfc062723c751e8b465ee728b)  -> (artifact id: '83bfea935462047fbc603f6470567c6d') in 0.014284 seconds 
  Import took 0.040624 seconds .

========================================================================
Received Import Request.
  Time since last request: 0.000281 seconds.
  path: Assets/Material/Stairs1.mat
  artifactKey: Guid(879a5dadba0ebdc42b5c76eebca3484c) Importer(815301076,1909f56bfc062723c751e8b465ee728b)
Start importing Assets/Material/Stairs1.mat using Guid(879a5dadba0ebdc42b5c76eebca3484c) Importer(815301076,1909f56bfc062723c751e8b465ee728b)  -> (artifact id: 'ff04773a164798059319c045c1ef9789') in 0.011376 seconds 
  Import took 0.038952 seconds .

========================================================================
Received Import Request.
  Time since last request: 0.000175 seconds.
  path: Assets/Material/KayganZemin_KayganZemin_Normal.jpg
  artifactKey: Guid(8a090098ea525574d93935baa1722b20) Importer(815301076,1909f56bfc062723c751e8b465ee728b)
Start importing Assets/Material/KayganZemin_KayganZemin_Normal.jpg using Guid(8a090098ea525574d93935baa1722b20) Importer(815301076,1909f56bfc062723c751e8b465ee728b)  -> (artifact id: '83bfea935462047fbc603f6470567c6d') in 0.010250 seconds 
  Import took 0.012634 seconds .

========================================================================
Received Import Request.
  Time since last request: 0.000221 seconds.
  path: Assets/Material/KayganZemin.mat
  artifactKey: Guid(37fd666edd9b72947a846c0551ff63ef) Importer(815301076,1909f56bfc062723c751e8b465ee728b)
Start importing Assets/Material/KayganZemin.mat using Guid(37fd666edd9b72947a846c0551ff63ef) Importer(815301076,1909f56bfc062723c751e8b465ee728b)  -> (artifact id: 'e6b8b91eb60cf85e2b9e0a185dfdbb02') in 0.021771 seconds 
  Import took 0.024338 seconds .

========================================================================
Received Import Request.
  Time since last request: 11.866229 seconds.
  path: Assets/Material/Stairs_Stairs1_BaseMap.jpg
  artifactKey: Guid(b04a8fd9565769341b6e456a8377e1b1) Importer(815301076,1909f56bfc062723c751e8b465ee728b)
Start importing Assets/Material/Stairs_Stairs1_BaseMap.jpg using Guid(b04a8fd9565769341b6e456a8377e1b1) Importer(815301076,1909f56bfc062723c751e8b465ee728b)  -> (artifact id: 'd1f24c6d7e454ddf2186b9be3fc25f14') in 0.011722 seconds 
  Import took 0.026059 seconds .

========================================================================
Received Import Request.
  Time since last request: 0.000210 seconds.
  path: Assets/Material/Stairs_Stairs1_Normal.jpg
  artifactKey: Guid(e6512604c2792864892e53b119e333fe) Importer(815301076,1909f56bfc062723c751e8b465ee728b)
Start importing Assets/Material/Stairs_Stairs1_Normal.jpg using Guid(e6512604c2792864892e53b119e333fe) Importer(815301076,1909f56bfc062723c751e8b465ee728b)  -> (artifact id: '2235e2896c3fceb1561c9abf2206421c') in 0.010025 seconds 
  Import took 0.028491 seconds .

========================================================================
Received Import Request.
  Time since last request: 22.221134 seconds.
  path: Assets/Material/Stairs_Stairs1_Specular.jpg
  artifactKey: Guid(5fa0070efc8c27a41815a5c447c6d083) Importer(815301076,1909f56bfc062723c751e8b465ee728b)
Start importing Assets/Material/Stairs_Stairs1_Specular.jpg using Guid(5fa0070efc8c27a41815a5c447c6d083) Importer(815301076,1909f56bfc062723c751e8b465ee728b)  -> (artifact id: '1758c9a628c468e6abcd8b8ebaaa449a') in 0.011206 seconds 
  Import took 0.026635 seconds .

========================================================================
Received Import Request.
  Time since last request: 0.003797 seconds.
  path: Assets/Material/Stairs_Stairs1_Specular.jpg
  artifactKey: Guid(5fa0070efc8c27a41815a5c447c6d083) Importer(815301076,1909f56bfc062723c751e8b465ee728b)
Start importing Assets/Material/Stairs_Stairs1_Specular.jpg using Guid(5fa0070efc8c27a41815a5c447c6d083) Importer(815301076,1909f56bfc062723c751e8b465ee728b)  -> (artifact id: '1758c9a628c468e6abcd8b8ebaaa449a') in 0.006807 seconds 
  Import took 0.019612 seconds .

========================================================================
Received Import Request.
  Time since last request: 123.560344 seconds.
  path: Assets/Material/Stairs1.mat
  artifactKey: Guid(879a5dadba0ebdc42b5c76eebca3484c) Importer(815301076,1909f56bfc062723c751e8b465ee728b)
Start importing Assets/Material/Stairs1.mat using Guid(879a5dadba0ebdc42b5c76eebca3484c) Importer(815301076,1909f56bfc062723c751e8b465ee728b)  -> (artifact id: '8eb2db63ba923541f9adbfd915a86b1e') in 0.019897 seconds 
  Import took 0.051878 seconds .

========================================================================
Received Import Request.
  Time since last request: 1.406002 seconds.
  path: Assets/Material/Stairs_Stairs1_Normal.jpg
  artifactKey: Guid(e6512604c2792864892e53b119e333fe) Importer(815301076,1909f56bfc062723c751e8b465ee728b)
Start importing Assets/Material/Stairs_Stairs1_Normal.jpg using Guid(e6512604c2792864892e53b119e333fe) Importer(815301076,1909f56bfc062723c751e8b465ee728b)  -> (artifact id: 'c6e9b2240b1e92e7ebececa3fcda57df') in 0.011559 seconds 
  Import took 0.025119 seconds .

========================================================================
Received Import Request.
  Time since last request: 1941.768044 seconds.
  path: Assets/Model/Zeminn.fbx
  artifactKey: Guid(f058a07d57433d246939cda4ed9aa6c0) Importer(815301076,1909f56bfc062723c751e8b465ee728b)
Start importing Assets/Model/Zeminn.fbx using Guid(f058a07d57433d246939cda4ed9aa6c0) Importer(815301076,1909f56bfc062723c751e8b465ee728b)  -> (artifact id: 'f38e12ff994307640f3e65e4c25ccb81') in 0.733038 seconds 
  Import took 0.774092 seconds .

========================================================================
Received Import Request.
  Time since last request: 958.881780 seconds.
  path: Assets/Model/kapı.fbx
  artifactKey: Guid(3645d0fb9f2ff794e8b17ae299f44a65) Importer(815301076,1909f56bfc062723c751e8b465ee728b)
Start importing Assets/Model/kapı.fbx using Guid(3645d0fb9f2ff794e8b17ae299f44a65) Importer(815301076,1909f56bfc062723c751e8b465ee728b)  -> (artifact id: '8ce8b9e6e95f538d244745cea0a38dcf') in 0.045171 seconds 
  Import took 0.075409 seconds .

========================================================================
Received Import Request.
  Time since last request: 347.747576 seconds.
  path: Assets/Model/kapı.fbx
  artifactKey: Guid(3645d0fb9f2ff794e8b17ae299f44a65) Importer(815301076,1909f56bfc062723c751e8b465ee728b)
Start importing Assets/Model/kapı.fbx using Guid(3645d0fb9f2ff794e8b17ae299f44a65) Importer(815301076,1909f56bfc062723c751e8b465ee728b)  -> (artifact id: '399025cac920df7c300a4574b16c9f22') in 0.021761 seconds 
  Import took 0.066197 seconds .

========================================================================
Received Import Request.
  Time since last request: 7.116089 seconds.
  path: Assets/Model/Zeminn.fbx
  artifactKey: Guid(f058a07d57433d246939cda4ed9aa6c0) Importer(815301076,1909f56bfc062723c751e8b465ee728b)
Start importing Assets/Model/Zeminn.fbx using Guid(f058a07d57433d246939cda4ed9aa6c0) Importer(815301076,1909f56bfc062723c751e8b465ee728b)  -> (artifact id: '71188554f48760605d30d07cc8f00d0f') in 0.031081 seconds 
  Import took 0.059613 seconds .

========================================================================
Received Import Request.
  Time since last request: 1080.767805 seconds.
  path: Assets/Model/GirisEngel.fbx
  artifactKey: Guid(c898f99349cfe27469283e80ea38dc87) Importer(815301076,1909f56bfc062723c751e8b465ee728b)
Start importing Assets/Model/GirisEngel.fbx using Guid(c898f99349cfe27469283e80ea38dc87) Importer(815301076,1909f56bfc062723c751e8b465ee728b)  -> (artifact id: 'c0a1948d7f0692c9d4e92a95969159ee') in 0.078178 seconds 
  Import took 0.103389 seconds .

========================================================================
Received Import Request.
  Time since last request: 880.967767 seconds.
  path: Assets/Model/lamba.fbx
  artifactKey: Guid(acb3fb3b75122564aab0d0b2606d6d34) Importer(815301076,1909f56bfc062723c751e8b465ee728b)
Start importing Assets/Model/lamba.fbx using Guid(acb3fb3b75122564aab0d0b2606d6d34) Importer(815301076,1909f56bfc062723c751e8b465ee728b)  -> (artifact id: 'fdbc14266e908a2837babe0fa0a2d268') in 0.164877 seconds 
  Import took 0.226805 seconds .

========================================================================
Received Import Request.
  Time since last request: 0.003281 seconds.
  path: Assets/Model/lamba.fbx
  artifactKey: Guid(acb3fb3b75122564aab0d0b2606d6d34) Importer(815301076,1909f56bfc062723c751e8b465ee728b)
Start importing Assets/Model/lamba.fbx using Guid(acb3fb3b75122564aab0d0b2606d6d34) Importer(815301076,1909f56bfc062723c751e8b465ee728b)  -> (artifact id: 'fdbc14266e908a2837babe0fa0a2d268') in 0.119578 seconds 
  Import took 0.136548 seconds .

========================================================================
Received Import Request.
  Time since last request: 4.937678 seconds.
  path: Assets/AnimasyonPolice/Neutral Idle.fbx
  artifactKey: Guid(5499dfd6834044a148d2773d846cc185) Importer(815301076,1909f56bfc062723c751e8b465ee728b)
Start importing Assets/AnimasyonPolice/Neutral Idle.fbx using Guid(5499dfd6834044a148d2773d846cc185) Importer(815301076,1909f56bfc062723c751e8b465ee728b)  -> (artifact id: '85ab3b1293b6221a844d21186ebf0f11') in 0.680208 seconds 
  Import took 0.911462 seconds .

========================================================================
Received Import Request.
  Time since last request: 0.000202 seconds.
  path: Assets/AnimasyonPolice/Strut Walking.fbx
  artifactKey: Guid(8e87aaf56c79042b68df18e9637cf73a) Importer(815301076,1909f56bfc062723c751e8b465ee728b)
Start importing Assets/AnimasyonPolice/Strut Walking.fbx using Guid(8e87aaf56c79042b68df18e9637cf73a) Importer(815301076,1909f56bfc062723c751e8b465ee728b)  -> (artifact id: '32d3b8d22639f4e4b1b4f4d735ad6f19') in 0.303403 seconds 
  Import took 0.361271 seconds .

========================================================================
Received Import Request.
  Time since last request: 0.000200 seconds.
  path: Assets/AnimasyonPolice/Running.fbx
  artifactKey: Guid(3ca5a1be3583a41eaa6978a09d13a7f6) Importer(815301076,1909f56bfc062723c751e8b465ee728b)
Start importing Assets/AnimasyonPolice/Running.fbx using Guid(3ca5a1be3583a41eaa6978a09d13a7f6) Importer(815301076,1909f56bfc062723c751e8b465ee728b)  -> (artifact id: '3d2a8f83c08dd1183a4ce76a63b5dbeb') in 0.247233 seconds 
  Import took 0.258223 seconds .

========================================================================
Received Import Request.
  Time since last request: 0.000179 seconds.
  path: Assets/AnimasyonPolice/Strut Walking.fbx
  artifactKey: Guid(8e87aaf56c79042b68df18e9637cf73a) Importer(815301076,1909f56bfc062723c751e8b465ee728b)
Start importing Assets/AnimasyonPolice/Strut Walking.fbx using Guid(8e87aaf56c79042b68df18e9637cf73a) Importer(815301076,1909f56bfc062723c751e8b465ee728b)  -> (artifact id: '32d3b8d22639f4e4b1b4f4d735ad6f19') in 0.074761 seconds 
  Import took 0.077749 seconds .

========================================================================
Received Import Request.
  Time since last request: 0.000211 seconds.
  path: Assets/AnimasyonPolice/Running.fbx
  artifactKey: Guid(3ca5a1be3583a41eaa6978a09d13a7f6) Importer(815301076,1909f56bfc062723c751e8b465ee728b)
Start importing Assets/AnimasyonPolice/Running.fbx using Guid(3ca5a1be3583a41eaa6978a09d13a7f6) Importer(815301076,1909f56bfc062723c751e8b465ee728b)  -> (artifact id: '3d2a8f83c08dd1183a4ce76a63b5dbeb') in 0.030908 seconds 
  Import took 0.033925 seconds .

========================================================================
Received Import Request.
  Time since last request: 78.268363 seconds.
  path: Assets/Model/lamba.fbx
  artifactKey: Guid(acb3fb3b75122564aab0d0b2606d6d34) Importer(815301076,1909f56bfc062723c751e8b465ee728b)
Start importing Assets/Model/lamba.fbx using Guid(acb3fb3b75122564aab0d0b2606d6d34) Importer(815301076,1909f56bfc062723c751e8b465ee728b)  -> (artifact id: 'e1c91266d025ec8cbd4d13f2ebce2093') in 0.020439 seconds 
  Import took 0.043253 seconds .

========================================================================
Received Import Request.
  Time since last request: 949.515344 seconds.
  path: Assets/Model/cop.fbx
  artifactKey: Guid(b5c479727f239ce4a8ab0a8a249fe030) Importer(815301076,1909f56bfc062723c751e8b465ee728b)
Start importing Assets/Model/cop.fbx using Guid(b5c479727f239ce4a8ab0a8a249fe030) Importer(815301076,1909f56bfc062723c751e8b465ee728b)  -> (artifact id: '680bd072ba0800d6d6cd4936ee695c72') in 0.071185 seconds 
  Import took 0.113978 seconds .

========================================================================
Received Import Request.
  Time since last request: 1064.892582 seconds.
  path: Assets/Model/duba.fbx
  artifactKey: Guid(3cbcff71bcc2d3643936c3d25482d795) Importer(815301076,1909f56bfc062723c751e8b465ee728b)
Start importing Assets/Model/duba.fbx using Guid(3cbcff71bcc2d3643936c3d25482d795) Importer(815301076,1909f56bfc062723c751e8b465ee728b)  -> (artifact id: 'bf0ee7edc5257f30318c217123f60ac6') in 0.086147 seconds 
  Import took 0.140033 seconds .

========================================================================
Received Import Request.
  Time since last request: 137.090386 seconds.
  path: Assets/Model/dıszemın.fbx
  artifactKey: Guid(3eac42b88a9ae35429bbaeb14bd3746f) Importer(815301076,1909f56bfc062723c751e8b465ee728b)
Start importing Assets/Model/dıszemın.fbx using Guid(3eac42b88a9ae35429bbaeb14bd3746f) Importer(815301076,1909f56bfc062723c751e8b465ee728b)  -> (artifact id: '47fb31f69fbe5c09225060dd1540ea9e') in 0.018634 seconds 
  Import took 0.037500 seconds .

========================================================================
Received Import Request.
  Time since last request: 13.277982 seconds.
  path: Assets/Model/dıszemın.fbx
  artifactKey: Guid(3eac42b88a9ae35429bbaeb14bd3746f) Importer(815301076,1909f56bfc062723c751e8b465ee728b)
Start importing Assets/Model/dıszemın.fbx using Guid(3eac42b88a9ae35429bbaeb14bd3746f) Importer(815301076,1909f56bfc062723c751e8b465ee728b)  -> (artifact id: 'a800c1d4a36f473fc87fb302dbd6efc5') in 0.036955 seconds 
  Import took 0.054441 seconds .

========================================================================
Received Import Request.
  Time since last request: 0.467063 seconds.
  path: Assets/Material/dıszemin.mat
  artifactKey: Guid(77cbb6497f46a3841b20060ff65f8905) Importer(815301076,1909f56bfc062723c751e8b465ee728b)
Start importing Assets/Material/dıszemin.mat using Guid(77cbb6497f46a3841b20060ff65f8905) Importer(815301076,1909f56bfc062723c751e8b465ee728b)  -> (artifact id: 'abfd64fd1851e627c6acebc812272091') in 0.072937 seconds 
  Import took 0.156421 seconds .

========================================================================
Received Import Request.
  Time since last request: 8.999847 seconds.
  path: Assets/Material/dıszemın_dıszemin_BaseMap.jpg
  artifactKey: Guid(ea9bb579c50113641b0f6cdde44eb1ff) Importer(815301076,1909f56bfc062723c751e8b465ee728b)
Start importing Assets/Material/dıszemın_dıszemin_BaseMap.jpg using Guid(ea9bb579c50113641b0f6cdde44eb1ff) Importer(815301076,1909f56bfc062723c751e8b465ee728b)  -> (artifact id: '5ba4c7abd0a72e647f54ef74cd195c22') in 0.089113 seconds 
  Import took 0.124885 seconds .

========================================================================
Received Import Request.
  Time since last request: 0.000203 seconds.
  path: Assets/Material/dıszemın_dıszemin_Normal.jpg
  artifactKey: Guid(7a9e77aa054e7ff42ad2198a2b9c1017) Importer(815301076,1909f56bfc062723c751e8b465ee728b)
Start importing Assets/Material/dıszemın_dıszemin_Normal.jpg using Guid(7a9e77aa054e7ff42ad2198a2b9c1017) Importer(815301076,1909f56bfc062723c751e8b465ee728b)  -> (artifact id: '4c44bf1b5aef0365fd3822dca9804f3e') in 0.042441 seconds 
  Import took 0.068754 seconds .

========================================================================
Received Import Request.
  Time since last request: 718.891641 seconds.
  path: Assets/Model/agac.fbx
  artifactKey: Guid(e748077636f22f248b25ddc039e14db6) Importer(815301076,1909f56bfc062723c751e8b465ee728b)
Start importing Assets/Model/agac.fbx using Guid(e748077636f22f248b25ddc039e14db6) Importer(815301076,1909f56bfc062723c751e8b465ee728b)  -> (artifact id: 'd90cacbd6cdbd3de4d935afea7a216dc') in 0.073092 seconds 
  Import took 0.161770 seconds .

AssetImportWorkerClient::OnTransportError - code=2 error=End of file
