Using pre-set license
Built from '2020.3/release' branch; Version is '2020.3.12f1 (b3b2c6512326) revision 11776710'; Using compiler version '192528614'; Build Type 'Release'
OS: 'Windows 10 Pro; OS build 19044.1566; Version 2009; 64bit' Language: 'tr' Physical Memory: 8128 MB
BatchMode: 1, IsHumanControllingUs: 0, StartBugReporterOnCrash: 0, Is64bit: 1, IsPro: 0

 COMMAND LINE ARGUMENTS:
D:\UnityHub\2020.3.12f1\Editor\Unity.exe
-adb2
-batchMode
-noUpm
-name
AssetImportWorker0
-projectPath
D:/Jam
-logFile
Logs/AssetImportWorker0.log
-srvPort
49639
Successfully changed project path to: D:/Jam
D:/Jam
Using Asset Import Pipeline V2.
Refreshing native plugins compatible for Editor in 36.44 ms, found 2 plugins.
Preloading 0 native plugins for Editor in 0.00 ms.
Initialize engine version: 2020.3.12f1 (b3b2c6512326)
[Subsystems] Discovering subsystems at path D:/UnityHub/2020.3.12f1/Editor/Data/Resources/UnitySubsystems
[Subsystems] Discovering subsystems at path D:/Jam/Assets
GfxDevice: creating device client; threaded=0
Direct3D:
    Version:  Direct3D 11.0 [level 11.1]
    Renderer: Radeon RX 570 Series (ID=0x67df)
    Vendor:   
    VRAM:     4075 MB
    Driver:   30.0.14023.1009
Initialize mono
Mono path[0] = 'D:/UnityHub/2020.3.12f1/Editor/Data/Managed'
Mono path[1] = 'D:/UnityHub/2020.3.12f1/Editor/Data/MonoBleedingEdge/lib/mono/unityjit'
Mono config path = 'D:/UnityHub/2020.3.12f1/Editor/Data/MonoBleedingEdge/etc'
Using monoOptions --debugger-agent=transport=dt_socket,embedding=1,server=y,suspend=n,address=127.0.0.1:56816
Begin MonoManager ReloadAssembly
Registering precompiled unity dll's ...
Register platform support module: D:/UnityHub/2020.3.12f1/Editor/Data/PlaybackEngines/WindowsStandaloneSupport/UnityEditor.WindowsStandalone.Extensions.dll
Registered in 0.001435 seconds.
Native extension for WindowsStandalone target not found
Refreshing native plugins compatible for Editor in 34.76 ms, found 2 plugins.
Preloading 0 native plugins for Editor in 0.00 ms.
Mono: successfully reloaded assembly
- Completed reload, in  1.411 seconds
Platform modules already initialized, skipping
Registering precompiled user dll's ...
Registered in 0.003434 seconds.
Begin MonoManager ReloadAssembly
Native extension for WindowsStandalone target not found
Refreshing native plugins compatible for Editor in 0.38 ms, found 2 plugins.
Preloading 0 native plugins for Editor in 0.00 ms.
Mono: successfully reloaded assembly
- Completed reload, in  1.097 seconds
Platform modules already initialized, skipping
========================================================================
Worker process is ready to serve import requests
Launched and connected shader compiler UnityShaderCompiler.exe after 0.09 seconds
Refreshing native plugins compatible for Editor in 0.49 ms, found 2 plugins.
Preloading 0 native plugins for Editor in 0.00 ms.
Unloading 1546 Unused Serialized files (Serialized files now loaded: 0)
System memory in use before: 69.8 MB.
System memory in use after: 69.9 MB.

Unloading 17 unused Assets to reduce memory usage. Loaded Objects now: 1981.
Total: 2.262700 ms (FindLiveObjects: 0.163600 ms CreateObjectMapping: 0.039100 ms MarkObjects: 1.979500 ms  DeleteObjects: 0.078800 ms)

AssetImportParameters requested are different than current active one (requested -> active):
  custom:framework-win-MediaFoundation: 216162199b28c13a410421893ffa2e32 -> 
  custom:video-decoder-ogg-theora: a1e56fd34408186e4bbccfd4996cb3dc -> 
  custom:container-muxer-webm: aa71ff27fc2769a1b78a27578f13a17b -> 
  custom:container-demuxer-webm: 4f35f7cbe854078d1ac9338744f61a02 -> 
  custom:container-demuxer-ogg: 62fdf1f143b41e24485cea50d1cbac27 -> 
  custom:video-encoder-webm-vp8: eb34c28f22e8b96e1ab97ce403110664 -> 
  custom:video-decoder-webm-vp8: 9c59270c3fd7afecdb556c50c9e8de78 -> 
  custom:audio-decoder-ogg-vorbis: bf7c407c2cedff20999df2af8eb42d56 -> 
  custom:audio-encoder-webm-vorbis: bf7c407c2cedff20999df2af8eb42d56 -> 
========================================================================
Received Import Request.
  path: Assets/Model
  artifactKey: Guid(1858e67630079f540a1c10b29c1fc8df) Importer(815301076,1909f56bfc062723c751e8b465ee728b)
Start importing Assets/Model using Guid(1858e67630079f540a1c10b29c1fc8df) Importer(815301076,1909f56bfc062723c751e8b465ee728b)  -> (artifact id: '9a7d2bb14b74167f2bf3f7c19f784ff2') in 0.020370 seconds 
  Import took 0.038306 seconds .

========================================================================
Received Import Request.
  Time since last request: 16.858133 seconds.
  path: Assets/Model/Shelf.fbx
  artifactKey: Guid(967b02f5725f0de46b1983fab963f8f1) Importer(815301076,1909f56bfc062723c751e8b465ee728b)
Start importing Assets/Model/Shelf.fbx using Guid(967b02f5725f0de46b1983fab963f8f1) Importer(815301076,1909f56bfc062723c751e8b465ee728b)  -> (artifact id: '80d4489e532b7b9af4eadb7065bc09e2') in 0.880216 seconds 
  Import took 0.899781 seconds .

========================================================================
Received Import Request.
  Time since last request: 109.922027 seconds.
  path: Assets/Model/Shelf.fbx
  artifactKey: Guid(967b02f5725f0de46b1983fab963f8f1) Importer(815301076,1909f56bfc062723c751e8b465ee728b)
Start importing Assets/Model/Shelf.fbx using Guid(967b02f5725f0de46b1983fab963f8f1) Importer(815301076,1909f56bfc062723c751e8b465ee728b)  -> (artifact id: 'c501d5679bcfe1e2b097103c717c70d0') in 0.012464 seconds 
  Import took 0.020460 seconds .

========================================================================
Received Import Request.
  Time since last request: 1.038136 seconds.
  path: Assets/Material/lambert25.mat
  artifactKey: Guid(514fef09627244f558adfefa66c1ef70) Importer(815301076,1909f56bfc062723c751e8b465ee728b)
Start importing Assets/Material/lambert25.mat using Guid(514fef09627244f558adfefa66c1ef70) Importer(815301076,1909f56bfc062723c751e8b465ee728b)  -> (artifact id: 'a568671ac540dc1c5d8a334516d6eaa0') in 0.235736 seconds 
  Import took 0.255419 seconds .

========================================================================
Received Import Request.
  Time since last request: 0.000253 seconds.
  path: Assets/Material/lowmodel_lambert3_Normal.jpg
  artifactKey: Guid(f1f8b1bbc63db427b8d9ea08e379422e) Importer(815301076,1909f56bfc062723c751e8b465ee728b)
Start importing Assets/Material/lowmodel_lambert3_Normal.jpg using Guid(f1f8b1bbc63db427b8d9ea08e379422e) Importer(815301076,1909f56bfc062723c751e8b465ee728b)  -> (artifact id: '95d88b7cfaae7612595b19530df434aa') in 0.074366 seconds 
  Import took 0.093566 seconds .

========================================================================
Received Import Request.
  Time since last request: 0.000176 seconds.
  path: Assets/Material/lowmodel_lambert3_AlbedoTransparency.jpg
  artifactKey: Guid(1c14a028fba9d4aa5b5832024f37b29a) Importer(815301076,1909f56bfc062723c751e8b465ee728b)
Start importing Assets/Material/lowmodel_lambert3_AlbedoTransparency.jpg using Guid(1c14a028fba9d4aa5b5832024f37b29a) Importer(815301076,1909f56bfc062723c751e8b465ee728b)  -> (artifact id: '5de26c14d26d5998130cbc1e5867f7a7') in 0.007733 seconds 
  Import took 0.010222 seconds .

========================================================================
Received Import Request.
  Time since last request: 0.000186 seconds.
  path: Assets/Material/Shelfy.mat
  artifactKey: Guid(eeaeb9098669fdf4fa5d34ab0b1b6704) Importer(815301076,1909f56bfc062723c751e8b465ee728b)
Start importing Assets/Material/Shelfy.mat using Guid(eeaeb9098669fdf4fa5d34ab0b1b6704) Importer(815301076,1909f56bfc062723c751e8b465ee728b)  -> (artifact id: 'dbbc80e78fd7c785f0d3e86fa0e7a1ae') in 0.008294 seconds 
  Import took 0.024632 seconds .

========================================================================
Received Import Request.
  Time since last request: 0.000180 seconds.
  path: Assets/Material/lowmodel_lambert3_SpecularSmoothness.jpg
  artifactKey: Guid(a272f85f3ef1d4ae699805b02feb4b70) Importer(815301076,1909f56bfc062723c751e8b465ee728b)
Start importing Assets/Material/lowmodel_lambert3_SpecularSmoothness.jpg using Guid(a272f85f3ef1d4ae699805b02feb4b70) Importer(815301076,1909f56bfc062723c751e8b465ee728b)  -> (artifact id: 'd2a789e28a2668c4fdc270da5830be44') in 0.007319 seconds 
  Import took 0.009995 seconds .

========================================================================
Received Import Request.
  Time since last request: 111.428000 seconds.
  path: Assets/Material/All_Colors.jpg
  artifactKey: Guid(0080152e3fb6bb546ba47037453785e2) Importer(815301076,1909f56bfc062723c751e8b465ee728b)
Start importing Assets/Material/All_Colors.jpg using Guid(0080152e3fb6bb546ba47037453785e2) Importer(815301076,1909f56bfc062723c751e8b465ee728b)  -> (artifact id: '4e1cf92ad775570ed5b7fcdf16d52d46') in 0.007904 seconds 
  Import took 0.020397 seconds .

========================================================================
Received Import Request.
  Time since last request: 0.003024 seconds.
  path: Assets/Material/All_Colors.jpg
  artifactKey: Guid(0080152e3fb6bb546ba47037453785e2) Importer(815301076,1909f56bfc062723c751e8b465ee728b)
Start importing Assets/Material/All_Colors.jpg using Guid(0080152e3fb6bb546ba47037453785e2) Importer(815301076,1909f56bfc062723c751e8b465ee728b)  -> (artifact id: '4e1cf92ad775570ed5b7fcdf16d52d46') in 0.007411 seconds 
  Import took 0.010169 seconds .

========================================================================
Received Import Request.
  Time since last request: 122.795486 seconds.
  path: Assets/Model/Safe.fbx
  artifactKey: Guid(c6e128cde7e52f0408d7b77e952a8add) Importer(815301076,1909f56bfc062723c751e8b465ee728b)
Start importing Assets/Model/Safe.fbx using Guid(c6e128cde7e52f0408d7b77e952a8add) Importer(815301076,1909f56bfc062723c751e8b465ee728b)  -> (artifact id: 'b3e22f969d96e6b9cd966950a04f8963') in 0.018951 seconds 
  Import took 0.031712 seconds .

========================================================================
Received Import Request.
  Time since last request: 0.000199 seconds.
  path: Assets/Model/Safe_Chair.fbx
  artifactKey: Guid(d1af2fb9c37eb8a49a832ce4a71d5f5c) Importer(815301076,1909f56bfc062723c751e8b465ee728b)
Start importing Assets/Model/Safe_Chair.fbx using Guid(d1af2fb9c37eb8a49a832ce4a71d5f5c) Importer(815301076,1909f56bfc062723c751e8b465ee728b)  -> (artifact id: '996ed359fa5d4b40f883981190e08c56') in 0.018051 seconds 
  Import took 0.037277 seconds .

========================================================================
Received Import Request.
  Time since last request: 2.616640 seconds.
  path: Assets/Model/Shelf2.fbx
  artifactKey: Guid(d5fbdd28155bbb74f944536f40b40e26) Importer(815301076,1909f56bfc062723c751e8b465ee728b)
Start importing Assets/Model/Shelf2.fbx using Guid(d5fbdd28155bbb74f944536f40b40e26) Importer(815301076,1909f56bfc062723c751e8b465ee728b)  -> (artifact id: 'd22344a1291955b64077407c06b43b93') in 0.018238 seconds 
  Import took 0.020976 seconds .

========================================================================
Received Import Request.
  Time since last request: 0.002343 seconds.
  path: Assets/Model/Shelf2.fbx
  artifactKey: Guid(d5fbdd28155bbb74f944536f40b40e26) Importer(815301076,1909f56bfc062723c751e8b465ee728b)
Start importing Assets/Model/Shelf2.fbx using Guid(d5fbdd28155bbb74f944536f40b40e26) Importer(815301076,1909f56bfc062723c751e8b465ee728b)  -> (artifact id: 'd22344a1291955b64077407c06b43b93') in 0.017063 seconds 
  Import took 0.019921 seconds .

========================================================================
Received Import Request.
  Time since last request: 61.693896 seconds.
  path: Assets/Model/Safe_Chair.fbx
  artifactKey: Guid(d1af2fb9c37eb8a49a832ce4a71d5f5c) Importer(815301076,1909f56bfc062723c751e8b465ee728b)
Start importing Assets/Model/Safe_Chair.fbx using Guid(d1af2fb9c37eb8a49a832ce4a71d5f5c) Importer(815301076,1909f56bfc062723c751e8b465ee728b)  -> (artifact id: '675c69fccd06355bcda8a69abf8a34eb') in 0.018323 seconds 
  Import took 0.021346 seconds .

========================================================================
Received Import Request.
  Time since last request: 7.829008 seconds.
  path: Assets/Model/Safe_Chair.fbx
  artifactKey: Guid(d1af2fb9c37eb8a49a832ce4a71d5f5c) Importer(815301076,1909f56bfc062723c751e8b465ee728b)
Start importing Assets/Model/Safe_Chair.fbx using Guid(d1af2fb9c37eb8a49a832ce4a71d5f5c) Importer(815301076,1909f56bfc062723c751e8b465ee728b)  -> (artifact id: 'a3e403212938ebb07780b10595aa31ae') in 0.016579 seconds 
  Import took 0.026670 seconds .

========================================================================
Received Import Request.
  Time since last request: 121.162337 seconds.
  path: Assets/Model/Ürün.fbx
  artifactKey: Guid(8b73fdcbf0b908a49a022f2e96379bb5) Importer(815301076,1909f56bfc062723c751e8b465ee728b)
Start importing Assets/Model/Ürün.fbx using Guid(8b73fdcbf0b908a49a022f2e96379bb5) Importer(815301076,1909f56bfc062723c751e8b465ee728b)  -> (artifact id: 'cba8c9b153ac5c50b0c0377e43f03e6a') in 0.036577 seconds 
  Import took 0.039685 seconds .

========================================================================
Received Prepare
Registering precompiled user dll's ...
Registered in 0.003271 seconds.
Begin MonoManager ReloadAssembly
Native extension for WindowsStandalone target not found
Refreshing native plugins compatible for Editor in 0.39 ms, found 2 plugins.
Preloading 0 native plugins for Editor in 0.00 ms.
Mono: successfully reloaded assembly
- Completed reload, in  1.024 seconds
Platform modules already initialized, skipping
Refreshing native plugins compatible for Editor in 0.38 ms, found 2 plugins.
Preloading 0 native plugins for Editor in 0.00 ms.
Unloading 1538 Unused Serialized files (Serialized files now loaded: 0)
System memory in use before: 73.1 MB.
System memory in use after: 73.2 MB.

Unloading 12 unused Assets to reduce memory usage. Loaded Objects now: 2029.
Total: 2.109200 ms (FindLiveObjects: 0.172800 ms CreateObjectMapping: 0.040000 ms MarkObjects: 1.878600 ms  DeleteObjects: 0.016400 ms)

AssetImportParameters requested are different than current active one (requested -> active):
  custom:framework-win-MediaFoundation: 216162199b28c13a410421893ffa2e32 -> 
  custom:video-decoder-ogg-theora: a1e56fd34408186e4bbccfd4996cb3dc -> 
  custom:container-muxer-webm: aa71ff27fc2769a1b78a27578f13a17b -> 
  custom:container-demuxer-webm: 4f35f7cbe854078d1ac9338744f61a02 -> 
  custom:container-demuxer-ogg: 62fdf1f143b41e24485cea50d1cbac27 -> 
  custom:video-encoder-webm-vp8: eb34c28f22e8b96e1ab97ce403110664 -> 
  custom:video-decoder-webm-vp8: 9c59270c3fd7afecdb556c50c9e8de78 -> 
  custom:audio-decoder-ogg-vorbis: bf7c407c2cedff20999df2af8eb42d56 -> 
  custom:audio-encoder-webm-vorbis: bf7c407c2cedff20999df2af8eb42d56 -> 
========================================================================
Received Import Request.
  Time since last request: 201.951394 seconds.
  path: Assets/Model/Ürün.fbx
  artifactKey: Guid(8b73fdcbf0b908a49a022f2e96379bb5) Importer(815301076,1909f56bfc062723c751e8b465ee728b)
Start importing Assets/Model/Ürün.fbx using Guid(8b73fdcbf0b908a49a022f2e96379bb5) Importer(815301076,1909f56bfc062723c751e8b465ee728b)  -> (artifact id: 'd012e52190d486e83ae15afedb17bdcb') in 0.094726 seconds 
  Import took 0.106422 seconds .

========================================================================
Received Import Request.
  Time since last request: 87.632644 seconds.
  path: ProjectSettings/TagManager.asset
  artifactKey: Guid(00000000000000003000000000000000) Importer(815301076,1909f56bfc062723c751e8b465ee728b)
Start importing ProjectSettings/TagManager.asset using Guid(00000000000000003000000000000000) Importer(815301076,1909f56bfc062723c751e8b465ee728b)  -> (artifact id: '34979be9e65836f2b74f49514fd784f8') in 0.003992 seconds 
  Import took 0.040035 seconds .

========================================================================
Received Import Request.
  Time since last request: 562.035239 seconds.
  path: Assets/Model/Camera.fbx
  artifactKey: Guid(e1fab14fe5cefcd49b537ecc3b26d470) Importer(815301076,1909f56bfc062723c751e8b465ee728b)
Start importing Assets/Model/Camera.fbx using Guid(e1fab14fe5cefcd49b537ecc3b26d470) Importer(815301076,1909f56bfc062723c751e8b465ee728b)  -> (artifact id: 'f72fb9005f8b4455157a5f9c0a4249d2') in 0.021189 seconds 
  Import took 0.024806 seconds .

========================================================================
Received Import Request.
  Time since last request: 0.000244 seconds.
  path: Assets/Model/Dondurucu.fbx
  artifactKey: Guid(c2d1999ee97946f46947b67e0743717b) Importer(815301076,1909f56bfc062723c751e8b465ee728b)
Start importing Assets/Model/Dondurucu.fbx using Guid(c2d1999ee97946f46947b67e0743717b) Importer(815301076,1909f56bfc062723c751e8b465ee728b)  -> (artifact id: 'f79c3ba0f072b8542d33674b44456cc3') in 0.016627 seconds 
  Import took 0.019289 seconds .

========================================================================
Received Import Request.
  Time since last request: 0.000180 seconds.
  path: Assets/Model/Dedektor.fbx
  artifactKey: Guid(0e1adc2735e35c24fb8c0996015c6380) Importer(815301076,1909f56bfc062723c751e8b465ee728b)
Start importing Assets/Model/Dedektor.fbx using Guid(0e1adc2735e35c24fb8c0996015c6380) Importer(815301076,1909f56bfc062723c751e8b465ee728b)  -> (artifact id: '55fd255bcdceffbc50fdd1e30031d49d') in 0.016708 seconds 
  Import took 0.019278 seconds .

========================================================================
Received Import Request.
  Time since last request: 0.000224 seconds.
  path: Assets/Model/Otomat.fbx
  artifactKey: Guid(1300df5a2bba2224fa9420587980ad0b) Importer(815301076,1909f56bfc062723c751e8b465ee728b)
Start importing Assets/Model/Otomat.fbx using Guid(1300df5a2bba2224fa9420587980ad0b) Importer(815301076,1909f56bfc062723c751e8b465ee728b)  -> (artifact id: '0828113c1e043ba7dd7359d6c1452b73') in 0.015906 seconds 
  Import took 0.022675 seconds .

========================================================================
Received Import Request.
  Time since last request: 0.000196 seconds.
  path: Assets/Model/Monitor.fbx
  artifactKey: Guid(3093a42416594244da1167a77dbc6792) Importer(815301076,1909f56bfc062723c751e8b465ee728b)
Start importing Assets/Model/Monitor.fbx using Guid(3093a42416594244da1167a77dbc6792) Importer(815301076,1909f56bfc062723c751e8b465ee728b)  -> (artifact id: '7c3e0c99a70b7cc9bed12a7ff673b941') in 0.016096 seconds 
  Import took 0.018591 seconds .

========================================================================
Received Import Request.
  Time since last request: 0.000209 seconds.
  path: Assets/Model/Computer_Case.fbx
  artifactKey: Guid(fa592ec0150c9ee4fbe3cf1ac2db2321) Importer(815301076,1909f56bfc062723c751e8b465ee728b)
Start importing Assets/Model/Computer_Case.fbx using Guid(fa592ec0150c9ee4fbe3cf1ac2db2321) Importer(815301076,1909f56bfc062723c751e8b465ee728b)  -> (artifact id: '81bebb849c0d611f690636ab6d485403') in 0.016602 seconds 
  Import took 0.023058 seconds .

========================================================================
Received Import Request.
  Time since last request: 0.000176 seconds.
  path: Assets/Model/İce_Cream_Freeze.fbx
  artifactKey: Guid(807c54f21d7815047a9a5b1231bf9f61) Importer(815301076,1909f56bfc062723c751e8b465ee728b)
Start importing Assets/Model/İce_Cream_Freeze.fbx using Guid(807c54f21d7815047a9a5b1231bf9f61) Importer(815301076,1909f56bfc062723c751e8b465ee728b)  -> (artifact id: '309d18005c9b3282540bf2a83a780acd') in 0.016075 seconds 
  Import took 0.031668 seconds .

========================================================================
Received Import Request.
  Time since last request: 0.000177 seconds.
  path: Assets/Model/Laptop.fbx
  artifactKey: Guid(6b5242bb2b1ab294a85f15fe89520b05) Importer(815301076,1909f56bfc062723c751e8b465ee728b)
Start importing Assets/Model/Laptop.fbx using Guid(6b5242bb2b1ab294a85f15fe89520b05) Importer(815301076,1909f56bfc062723c751e8b465ee728b)  -> (artifact id: '0624e8311d581827d1745f6a16193369') in 0.018638 seconds 
  Import took 0.021222 seconds .

========================================================================
Received Import Request.
  Time since last request: 0.000183 seconds.
  path: Assets/Model/Keyboard.fbx
  artifactKey: Guid(c4e17a695352e2c4e9b038d6d8f61429) Importer(815301076,1909f56bfc062723c751e8b465ee728b)
Start importing Assets/Model/Keyboard.fbx using Guid(c4e17a695352e2c4e9b038d6d8f61429) Importer(815301076,1909f56bfc062723c751e8b465ee728b)  -> (artifact id: '136a03517782ecf6e99d87c35e228fce') in 0.017368 seconds 
  Import took 0.019917 seconds .

========================================================================
Received Import Request.
  Time since last request: 0.000175 seconds.
  path: Assets/Model/Plastation.fbx
  artifactKey: Guid(0d1974e0ccf4a024c9115bd20239a0ee) Importer(815301076,1909f56bfc062723c751e8b465ee728b)
Start importing Assets/Model/Plastation.fbx using Guid(0d1974e0ccf4a024c9115bd20239a0ee) Importer(815301076,1909f56bfc062723c751e8b465ee728b)  -> (artifact id: 'ba2f27e1a7ca0c68b9fde355c39bc686') in 0.015402 seconds 
  Import took 0.017952 seconds .

========================================================================
Received Import Request.
  Time since last request: 0.000177 seconds.
  path: Assets/Model/Modem.fbx
  artifactKey: Guid(40d4db4a065fc9744862e07d81e847f5) Importer(815301076,1909f56bfc062723c751e8b465ee728b)
Start importing Assets/Model/Modem.fbx using Guid(40d4db4a065fc9744862e07d81e847f5) Importer(815301076,1909f56bfc062723c751e8b465ee728b)  -> (artifact id: '1fec07b9eadfd0ab32de20c540716c88') in 0.015062 seconds 
  Import took 0.017500 seconds .

========================================================================
Received Import Request.
  Time since last request: 7.761671 seconds.
  path: Assets/Model/Sign.fbx
  artifactKey: Guid(fff9a3a33bea5314b9c5e617376a49c3) Importer(815301076,1909f56bfc062723c751e8b465ee728b)
Start importing Assets/Model/Sign.fbx using Guid(fff9a3a33bea5314b9c5e617376a49c3) Importer(815301076,1909f56bfc062723c751e8b465ee728b)  -> (artifact id: '94cb57a9ac46ac5372df30a28fe1b581') in 0.016339 seconds 
  Import took 0.019286 seconds .

========================================================================
Received Import Request.
  Time since last request: 0.000192 seconds.
  path: Assets/Model/TV.fbx
  artifactKey: Guid(2c7abb3b6c8e0bd499b60e9b4a57271d) Importer(815301076,1909f56bfc062723c751e8b465ee728b)
Start importing Assets/Model/TV.fbx using Guid(2c7abb3b6c8e0bd499b60e9b4a57271d) Importer(815301076,1909f56bfc062723c751e8b465ee728b)  -> (artifact id: '15306a9834e0cdbfa2d399e04faf842e') in 0.015963 seconds 
  Import took 0.018589 seconds .

========================================================================
Received Import Request.
  Time since last request: 0.001349 seconds.
  path: Assets/Model/TV.fbx
  artifactKey: Guid(2c7abb3b6c8e0bd499b60e9b4a57271d) Importer(815301076,1909f56bfc062723c751e8b465ee728b)
Start importing Assets/Model/TV.fbx using Guid(2c7abb3b6c8e0bd499b60e9b4a57271d) Importer(815301076,1909f56bfc062723c751e8b465ee728b)  -> (artifact id: '15306a9834e0cdbfa2d399e04faf842e') in 0.014594 seconds 
  Import took 0.016937 seconds .

========================================================================
Received Import Request.
  Time since last request: 14.202604 seconds.
  path: Assets/Model/Ürün1.fbx
  artifactKey: Guid(1e18d1fb92be60f46bea2a2ae9964369) Importer(815301076,1909f56bfc062723c751e8b465ee728b)
Start importing Assets/Model/Ürün1.fbx using Guid(1e18d1fb92be60f46bea2a2ae9964369) Importer(815301076,1909f56bfc062723c751e8b465ee728b)  -> (artifact id: '3fabb40537a80e5889d8bc6186e611ba') in 0.018951 seconds 
  Import took 0.022007 seconds .

========================================================================
Received Import Request.
  Time since last request: 0.000184 seconds.
  path: Assets/Model/Ürün14.fbx
  artifactKey: Guid(907c5b1c223e14b429bbef9162368cdb) Importer(815301076,1909f56bfc062723c751e8b465ee728b)
Start importing Assets/Model/Ürün14.fbx using Guid(907c5b1c223e14b429bbef9162368cdb) Importer(815301076,1909f56bfc062723c751e8b465ee728b)  -> (artifact id: 'd18373a59f3dece3bbfe5824b6d7a4f8') in 0.016957 seconds 
  Import took 0.019805 seconds .

========================================================================
Received Import Request.
  Time since last request: 0.000191 seconds.
  path: Assets/Model/Ürün15.fbx
  artifactKey: Guid(73ce05a974444ab47ab5700ee3cffcea) Importer(815301076,1909f56bfc062723c751e8b465ee728b)
Start importing Assets/Model/Ürün15.fbx using Guid(73ce05a974444ab47ab5700ee3cffcea) Importer(815301076,1909f56bfc062723c751e8b465ee728b)  -> (artifact id: '72d67e989ac43065878d45ecf06be442') in 0.015972 seconds 
  Import took 0.031588 seconds .

========================================================================
Received Import Request.
  Time since last request: 0.000192 seconds.
  path: Assets/Model/Ürün22.fbx
  artifactKey: Guid(13e6042e4f940e6428585940ac4f03ec) Importer(815301076,1909f56bfc062723c751e8b465ee728b)
Start importing Assets/Model/Ürün22.fbx using Guid(13e6042e4f940e6428585940ac4f03ec) Importer(815301076,1909f56bfc062723c751e8b465ee728b)  -> (artifact id: 'f75d8f62f8653e011bf59e2da9e7979e') in 0.016404 seconds 
  Import took 0.018784 seconds .

========================================================================
Received Import Request.
  Time since last request: 0.000185 seconds.
  path: Assets/Model/Ürün20.fbx
  artifactKey: Guid(ab28f5c14180e034e9486f76829cdd81) Importer(815301076,1909f56bfc062723c751e8b465ee728b)
Start importing Assets/Model/Ürün20.fbx using Guid(ab28f5c14180e034e9486f76829cdd81) Importer(815301076,1909f56bfc062723c751e8b465ee728b)  -> (artifact id: '810583365c3d55cf177eda04805aa236') in 0.015072 seconds 
  Import took 0.017466 seconds .

========================================================================
Received Import Request.
  Time since last request: 0.000183 seconds.
  path: Assets/Model/Ürün2.fbx
  artifactKey: Guid(bfecfe781bd558744a0a7fcfa876d294) Importer(815301076,1909f56bfc062723c751e8b465ee728b)
Start importing Assets/Model/Ürün2.fbx using Guid(bfecfe781bd558744a0a7fcfa876d294) Importer(815301076,1909f56bfc062723c751e8b465ee728b)  -> (artifact id: '7bdf957ecadeecb7c0efb5b0c253a239') in 0.016515 seconds 
  Import took 0.019260 seconds .

========================================================================
Received Import Request.
  Time since last request: 0.000177 seconds.
  path: Assets/Model/Ürün5.fbx
  artifactKey: Guid(9729394164651c84290628b797a5a0fc) Importer(815301076,1909f56bfc062723c751e8b465ee728b)
Start importing Assets/Model/Ürün5.fbx using Guid(9729394164651c84290628b797a5a0fc) Importer(815301076,1909f56bfc062723c751e8b465ee728b)  -> (artifact id: '70bec8668e1a2c84930dffd7b87468d5') in 0.015663 seconds 
  Import took 0.018128 seconds .

========================================================================
Received Import Request.
  Time since last request: 0.000196 seconds.
  path: Assets/Model/Ürün12.fbx
  artifactKey: Guid(c71d0296e8855f147ab817e9030305dc) Importer(815301076,1909f56bfc062723c751e8b465ee728b)
Start importing Assets/Model/Ürün12.fbx using Guid(c71d0296e8855f147ab817e9030305dc) Importer(815301076,1909f56bfc062723c751e8b465ee728b)  -> (artifact id: '789ff844d25b714de7feb86acd9587df') in 0.016191 seconds 
  Import took 0.018839 seconds .

========================================================================
Received Import Request.
  Time since last request: 0.000172 seconds.
  path: Assets/Model/Ürün7.fbx
  artifactKey: Guid(62e2b4d569e7b1845945e61d6c1356e2) Importer(815301076,1909f56bfc062723c751e8b465ee728b)
Start importing Assets/Model/Ürün7.fbx using Guid(62e2b4d569e7b1845945e61d6c1356e2) Importer(815301076,1909f56bfc062723c751e8b465ee728b)  -> (artifact id: 'aefd2c3c0cb7b392728aa402cc9001be') in 0.015933 seconds 
  Import took 0.018422 seconds .

========================================================================
Received Import Request.
  Time since last request: 0.000190 seconds.
  path: Assets/Model/Ürün6.fbx
  artifactKey: Guid(81cc91bf0667cb643bb6cc0e7a2e93c3) Importer(815301076,1909f56bfc062723c751e8b465ee728b)
Start importing Assets/Model/Ürün6.fbx using Guid(81cc91bf0667cb643bb6cc0e7a2e93c3) Importer(815301076,1909f56bfc062723c751e8b465ee728b)  -> (artifact id: '548a428a6afa3a44dd2b5e313afe6c51') in 0.014560 seconds 
  Import took 0.024881 seconds .

========================================================================
Received Import Request.
  Time since last request: 0.000182 seconds.
  path: Assets/Model/Ürün17.fbx
  artifactKey: Guid(07a904776945fad48981e1ada2002c6a) Importer(815301076,1909f56bfc062723c751e8b465ee728b)
Start importing Assets/Model/Ürün17.fbx using Guid(07a904776945fad48981e1ada2002c6a) Importer(815301076,1909f56bfc062723c751e8b465ee728b)  -> (artifact id: '5aca84bb3b0889618f93eb3fc9d7af8e') in 0.034385 seconds 
  Import took 0.036840 seconds .

========================================================================
Received Import Request.
  Time since last request: 0.000171 seconds.
  path: Assets/Model/Ürün3.fbx
  artifactKey: Guid(00fb8596fe2f48043b18b7df37cf7778) Importer(815301076,1909f56bfc062723c751e8b465ee728b)
Start importing Assets/Model/Ürün3.fbx using Guid(00fb8596fe2f48043b18b7df37cf7778) Importer(815301076,1909f56bfc062723c751e8b465ee728b)  -> (artifact id: '441fcb0fa7f9d05bb4e862fe2aed416e') in 0.014709 seconds 
  Import took 0.017398 seconds .

========================================================================
Received Import Request.
  Time since last request: 0.000168 seconds.
  path: Assets/Model/Ürün10.fbx
  artifactKey: Guid(82cd272a345cc8644b5c49d6bdd33ee8) Importer(815301076,1909f56bfc062723c751e8b465ee728b)
Start importing Assets/Model/Ürün10.fbx using Guid(82cd272a345cc8644b5c49d6bdd33ee8) Importer(815301076,1909f56bfc062723c751e8b465ee728b)  -> (artifact id: '3be750f57ab726678fe8ffdb2389ed8d') in 0.016067 seconds 
  Import took 0.018392 seconds .

========================================================================
Received Import Request.
  Time since last request: 0.000184 seconds.
  path: Assets/Model/Ürün11.fbx
  artifactKey: Guid(9ff7296d22b8eb84792feb0edbdc61df) Importer(815301076,1909f56bfc062723c751e8b465ee728b)
Start importing Assets/Model/Ürün11.fbx using Guid(9ff7296d22b8eb84792feb0edbdc61df) Importer(815301076,1909f56bfc062723c751e8b465ee728b)  -> (artifact id: '88b47a1cdbf932a76a4683f11746159f') in 0.016854 seconds 
  Import took 0.039105 seconds .

========================================================================
Received Import Request.
  Time since last request: 0.000176 seconds.
  path: Assets/Model/Ürün16.fbx
  artifactKey: Guid(b0d70a9bcd468a942a4ba3a4f28eed36) Importer(815301076,1909f56bfc062723c751e8b465ee728b)
Start importing Assets/Model/Ürün16.fbx using Guid(b0d70a9bcd468a942a4ba3a4f28eed36) Importer(815301076,1909f56bfc062723c751e8b465ee728b)  -> (artifact id: 'efd6fa9ce1f86fb709641ba358806f12') in 0.015462 seconds 
  Import took 0.017881 seconds .

========================================================================
Received Import Request.
  Time since last request: 0.000180 seconds.
  path: Assets/Model/Ürün18.fbx
  artifactKey: Guid(349715cac6ae66b478bdb3e58af2cc38) Importer(815301076,1909f56bfc062723c751e8b465ee728b)
Start importing Assets/Model/Ürün18.fbx using Guid(349715cac6ae66b478bdb3e58af2cc38) Importer(815301076,1909f56bfc062723c751e8b465ee728b)  -> (artifact id: 'e600c8ab123ac26f36f12c6e0c92ecaf') in 0.014666 seconds 
  Import took 0.016969 seconds .

========================================================================
Received Import Request.
  Time since last request: 0.000153 seconds.
  path: Assets/Model/Ürün4.fbx
  artifactKey: Guid(695aa0b09f950e94b9058d63bfd086ae) Importer(815301076,1909f56bfc062723c751e8b465ee728b)
Start importing Assets/Model/Ürün4.fbx using Guid(695aa0b09f950e94b9058d63bfd086ae) Importer(815301076,1909f56bfc062723c751e8b465ee728b)  -> (artifact id: 'e4c05e78d5115c170fd190b9442bf1e3') in 0.014630 seconds 
  Import took 0.016936 seconds .

========================================================================
Received Import Request.
  Time since last request: 0.000137 seconds.
  path: Assets/Model/Ürün13.fbx
  artifactKey: Guid(17e0fd2a86100134e95291a154398d2f) Importer(815301076,1909f56bfc062723c751e8b465ee728b)
Start importing Assets/Model/Ürün13.fbx using Guid(17e0fd2a86100134e95291a154398d2f) Importer(815301076,1909f56bfc062723c751e8b465ee728b)  -> (artifact id: 'a5f86d95452a5d3e0f26d3f155548b33') in 0.027241 seconds 
  Import took 0.029634 seconds .

========================================================================
Received Import Request.
  Time since last request: 0.000150 seconds.
  path: Assets/Model/Ürün8.fbx
  artifactKey: Guid(1a222e2626a9b7a40a84d196ab6e51d4) Importer(815301076,1909f56bfc062723c751e8b465ee728b)
Start importing Assets/Model/Ürün8.fbx using Guid(1a222e2626a9b7a40a84d196ab6e51d4) Importer(815301076,1909f56bfc062723c751e8b465ee728b)  -> (artifact id: '299442dbe9f78ad68a0eed5dff4252f5') in 0.015306 seconds 
  Import took 0.017776 seconds .

========================================================================
Received Import Request.
  Time since last request: 0.000199 seconds.
  path: Assets/Model/Ürün9.fbx
  artifactKey: Guid(59f9f520cf460e94382e39d36e6a8a6a) Importer(815301076,1909f56bfc062723c751e8b465ee728b)
Start importing Assets/Model/Ürün9.fbx using Guid(59f9f520cf460e94382e39d36e6a8a6a) Importer(815301076,1909f56bfc062723c751e8b465ee728b)  -> (artifact id: 'a87f071264a845d927d0a3fd8d4d7606') in 0.016257 seconds 
  Import took 0.018943 seconds .

========================================================================
Received Import Request.
  Time since last request: 0.000174 seconds.
  path: Assets/Model/Ürün19.fbx
  artifactKey: Guid(a5294017b00fe684180a97f5c0a98e9e) Importer(815301076,1909f56bfc062723c751e8b465ee728b)
Start importing Assets/Model/Ürün19.fbx using Guid(a5294017b00fe684180a97f5c0a98e9e) Importer(815301076,1909f56bfc062723c751e8b465ee728b)  -> (artifact id: 'a7b048dcfb6548695600fe064d00dc54') in 0.015542 seconds 
  Import took 0.018255 seconds .

========================================================================
Received Import Request.
  Time since last request: 0.000207 seconds.
  path: Assets/Model/Ürün9.fbx
  artifactKey: Guid(59f9f520cf460e94382e39d36e6a8a6a) Importer(815301076,1909f56bfc062723c751e8b465ee728b)
Start importing Assets/Model/Ürün9.fbx using Guid(59f9f520cf460e94382e39d36e6a8a6a) Importer(815301076,1909f56bfc062723c751e8b465ee728b)  -> (artifact id: 'a87f071264a845d927d0a3fd8d4d7606') in 0.016439 seconds 
  Import took 0.019100 seconds .

========================================================================
Received Import Request.
  Time since last request: 0.000187 seconds.
  path: Assets/Model/Ürün19.fbx
  artifactKey: Guid(a5294017b00fe684180a97f5c0a98e9e) Importer(815301076,1909f56bfc062723c751e8b465ee728b)
Start importing Assets/Model/Ürün19.fbx using Guid(a5294017b00fe684180a97f5c0a98e9e) Importer(815301076,1909f56bfc062723c751e8b465ee728b)  -> (artifact id: 'a7b048dcfb6548695600fe064d00dc54') in 0.015854 seconds 
  Import took 0.018205 seconds .

========================================================================
Received Import Request.
  Time since last request: 0.000180 seconds.
  path: Assets/Model/Ürün21.fbx
  artifactKey: Guid(11d99887221de6349a4f8a6fd3eaf572) Importer(815301076,1909f56bfc062723c751e8b465ee728b)
Start importing Assets/Model/Ürün21.fbx using Guid(11d99887221de6349a4f8a6fd3eaf572) Importer(815301076,1909f56bfc062723c751e8b465ee728b)  -> (artifact id: 'f251d0fe62e3b540e6cbc89ed76b6a4b') in 0.016710 seconds 
  Import took 0.019436 seconds .

========================================================================
Received Import Request.
  Time since last request: 92.728420 seconds.
  path: Assets/Model/Zemin.fbx
  artifactKey: Guid(395190e0467a5884496ae066a2189b16) Importer(815301076,1909f56bfc062723c751e8b465ee728b)
Start importing Assets/Model/Zemin.fbx using Guid(395190e0467a5884496ae066a2189b16) Importer(815301076,1909f56bfc062723c751e8b465ee728b)  -> (artifact id: '10e1c28c5b2d4076b692db82db078ce3') in 0.013749 seconds 
  Import took 0.026269 seconds .

========================================================================
Received Import Request.
  Time since last request: 0.000190 seconds.
  path: Assets/Model/Zemin2.fbx
  artifactKey: Guid(9e27ff34aae85534aa6d4162188f280c) Importer(815301076,1909f56bfc062723c751e8b465ee728b)
Start importing Assets/Model/Zemin2.fbx using Guid(9e27ff34aae85534aa6d4162188f280c) Importer(815301076,1909f56bfc062723c751e8b465ee728b)  -> (artifact id: 'cb7611d27c3a577c1431033c860c90fa') in 0.012856 seconds 
  Import took 0.015225 seconds .

========================================================================
Received Import Request.
  Time since last request: 0.000187 seconds.
  path: Assets/Model/Zemin1.fbx
  artifactKey: Guid(07a450b2bad6caa4e876366b0a193f8b) Importer(815301076,1909f56bfc062723c751e8b465ee728b)
Start importing Assets/Model/Zemin1.fbx using Guid(07a450b2bad6caa4e876366b0a193f8b) Importer(815301076,1909f56bfc062723c751e8b465ee728b)  -> (artifact id: 'bbeedac725db0f7c26eafc777b5d9213') in 0.013560 seconds 
  Import took 0.016113 seconds .

========================================================================
Received Import Request.
  Time since last request: 13.367527 seconds.
  path: Assets/Model/Zemin2.fbx
  artifactKey: Guid(9e27ff34aae85534aa6d4162188f280c) Importer(815301076,1909f56bfc062723c751e8b465ee728b)
Start importing Assets/Model/Zemin2.fbx using Guid(9e27ff34aae85534aa6d4162188f280c) Importer(815301076,1909f56bfc062723c751e8b465ee728b)  -> (artifact id: '1a59133932c287b179204e21c7995323') in 0.010239 seconds 
  Import took 0.013227 seconds .

========================================================================
Received Import Request.
  Time since last request: 1.663075 seconds.
  path: Assets/Material/Shelfy.mat
  artifactKey: Guid(eeaeb9098669fdf4fa5d34ab0b1b6704) Importer(815301076,1909f56bfc062723c751e8b465ee728b)
Start importing Assets/Material/Shelfy.mat using Guid(eeaeb9098669fdf4fa5d34ab0b1b6704) Importer(815301076,1909f56bfc062723c751e8b465ee728b)  -> (artifact id: '6018b56724112e11caf50d7da1bdfcf4') in 0.008714 seconds 
  Import took 0.011402 seconds .

========================================================================
Received Import Request.
  Time since last request: 0.000204 seconds.
  path: Assets/Material/zemin5.mat
  artifactKey: Guid(5804c7958d96ef648956ebe7bf4a8c0a) Importer(815301076,1909f56bfc062723c751e8b465ee728b)
Start importing Assets/Material/zemin5.mat using Guid(5804c7958d96ef648956ebe7bf4a8c0a) Importer(815301076,1909f56bfc062723c751e8b465ee728b)  -> (artifact id: '29a218e07612f014f2c5d4bd49ffff4f') in 0.006712 seconds 
  Import took 0.009014 seconds .

========================================================================
Received Import Request.
  Time since last request: 13.995408 seconds.
  path: Assets/Model/Zemin1.fbx
  artifactKey: Guid(07a450b2bad6caa4e876366b0a193f8b) Importer(815301076,1909f56bfc062723c751e8b465ee728b)
Start importing Assets/Model/Zemin1.fbx using Guid(07a450b2bad6caa4e876366b0a193f8b) Importer(815301076,1909f56bfc062723c751e8b465ee728b)  -> (artifact id: '1ffe06d50e976b40e32ce1a826d6363e') in 0.011156 seconds 
  Import took 0.013895 seconds .

========================================================================
Received Import Request.
  Time since last request: 8.153891 seconds.
  path: Assets/Model/Zemin.fbx
  artifactKey: Guid(395190e0467a5884496ae066a2189b16) Importer(815301076,1909f56bfc062723c751e8b465ee728b)
Start importing Assets/Model/Zemin.fbx using Guid(395190e0467a5884496ae066a2189b16) Importer(815301076,1909f56bfc062723c751e8b465ee728b)  -> (artifact id: '7fdfd8312d7202551b34a1d3a93e32a7') in 0.010365 seconds 
  Import took 0.013352 seconds .

========================================================================
Received Import Request.
  Time since last request: 16.069545 seconds.
  path: Assets/Material/zemin5 1.mat
  artifactKey: Guid(fd23cfbd0afd243489f9760cc3b5a9f2) Importer(815301076,1909f56bfc062723c751e8b465ee728b)
Start importing Assets/Material/zemin5 1.mat using Guid(fd23cfbd0afd243489f9760cc3b5a9f2) Importer(815301076,1909f56bfc062723c751e8b465ee728b)  -> (artifact id: '14dec9d23c4f4dd7658a7b24b0a33ee8') in 0.006768 seconds 
  Import took 0.009562 seconds .

========================================================================
Received Import Request.
  Time since last request: 0.000182 seconds.
  path: Assets/Material/zemin5 2.mat
  artifactKey: Guid(0d35e780b7343654883c9e3618ae67ef) Importer(815301076,1909f56bfc062723c751e8b465ee728b)
Start importing Assets/Material/zemin5 2.mat using Guid(0d35e780b7343654883c9e3618ae67ef) Importer(815301076,1909f56bfc062723c751e8b465ee728b)  -> (artifact id: 'e6d03bd77f80ffa0f5a57c066213c0e8') in 0.006772 seconds 
  Import took 0.025506 seconds .

========================================================================
Received Import Request.
  Time since last request: 0.002781 seconds.
  path: Assets/Material/zemin5 2.mat
  artifactKey: Guid(0d35e780b7343654883c9e3618ae67ef) Importer(815301076,1909f56bfc062723c751e8b465ee728b)
Start importing Assets/Material/zemin5 2.mat using Guid(0d35e780b7343654883c9e3618ae67ef) Importer(815301076,1909f56bfc062723c751e8b465ee728b)  -> (artifact id: 'e6d03bd77f80ffa0f5a57c066213c0e8') in 0.006794 seconds 
  Import took 0.009198 seconds .

========================================================================
Received Prepare
Registering precompiled user dll's ...
Registered in 0.028695 seconds.
Begin MonoManager ReloadAssembly
Native extension for WindowsStandalone target not found
Refreshing native plugins compatible for Editor in 0.43 ms, found 2 plugins.
Preloading 0 native plugins for Editor in 0.00 ms.
Mono: successfully reloaded assembly
- Completed reload, in  1.044 seconds
Platform modules already initialized, skipping
Refreshing native plugins compatible for Editor in 0.39 ms, found 2 plugins.
Preloading 0 native plugins for Editor in 0.00 ms.
Unloading 1538 Unused Serialized files (Serialized files now loaded: 0)
System memory in use before: 73.4 MB.
System memory in use after: 73.5 MB.

Unloading 13 unused Assets to reduce memory usage. Loaded Objects now: 2032.
Total: 2.068800 ms (FindLiveObjects: 0.173800 ms CreateObjectMapping: 0.039800 ms MarkObjects: 1.837200 ms  DeleteObjects: 0.016500 ms)

AssetImportParameters requested are different than current active one (requested -> active):
  custom:framework-win-MediaFoundation: 216162199b28c13a410421893ffa2e32 -> 
  custom:video-decoder-ogg-theora: a1e56fd34408186e4bbccfd4996cb3dc -> 
  custom:container-muxer-webm: aa71ff27fc2769a1b78a27578f13a17b -> 
  custom:container-demuxer-webm: 4f35f7cbe854078d1ac9338744f61a02 -> 
  custom:container-demuxer-ogg: 62fdf1f143b41e24485cea50d1cbac27 -> 
  custom:video-encoder-webm-vp8: eb34c28f22e8b96e1ab97ce403110664 -> 
  custom:video-decoder-webm-vp8: 9c59270c3fd7afecdb556c50c9e8de78 -> 
  custom:audio-decoder-ogg-vorbis: bf7c407c2cedff20999df2af8eb42d56 -> 
  custom:audio-encoder-webm-vorbis: bf7c407c2cedff20999df2af8eb42d56 -> 
========================================================================
Received Import Request.
  Time since last request: 1483.468448 seconds.
  path: Assets/Model/Guvenlık.fbx
  artifactKey: Guid(d23318fc00a3aee4e8db4986bef3ded1) Importer(815301076,1909f56bfc062723c751e8b465ee728b)
Start importing Assets/Model/Guvenlık.fbx using Guid(d23318fc00a3aee4e8db4986bef3ded1) Importer(815301076,1909f56bfc062723c751e8b465ee728b)  -> (artifact id: 'f5dd63db978357db9bf1087e3a46abb4') in 0.152470 seconds 
  Import took 0.177345 seconds .

========================================================================
Received Prepare
Registering precompiled user dll's ...
Registered in 0.033208 seconds.
Begin MonoManager ReloadAssembly
Native extension for WindowsStandalone target not found
Refreshing native plugins compatible for Editor in 0.43 ms, found 2 plugins.
Preloading 0 native plugins for Editor in 0.00 ms.
Mono: successfully reloaded assembly
- Completed reload, in  1.320 seconds
Platform modules already initialized, skipping
Refreshing native plugins compatible for Editor in 0.39 ms, found 2 plugins.
Preloading 0 native plugins for Editor in 0.00 ms.
Unloading 1538 Unused Serialized files (Serialized files now loaded: 0)
System memory in use before: 73.4 MB.
System memory in use after: 73.5 MB.

Unloading 12 unused Assets to reduce memory usage. Loaded Objects now: 2035.
Total: 2.058900 ms (FindLiveObjects: 0.169300 ms CreateObjectMapping: 0.040600 ms MarkObjects: 1.833000 ms  DeleteObjects: 0.014700 ms)

AssetImportParameters requested are different than current active one (requested -> active):
  custom:framework-win-MediaFoundation: 216162199b28c13a410421893ffa2e32 -> 
  custom:video-decoder-ogg-theora: a1e56fd34408186e4bbccfd4996cb3dc -> 
  custom:container-muxer-webm: aa71ff27fc2769a1b78a27578f13a17b -> 
  custom:container-demuxer-webm: 4f35f7cbe854078d1ac9338744f61a02 -> 
  custom:container-demuxer-ogg: 62fdf1f143b41e24485cea50d1cbac27 -> 
  custom:video-encoder-webm-vp8: eb34c28f22e8b96e1ab97ce403110664 -> 
  custom:video-decoder-webm-vp8: 9c59270c3fd7afecdb556c50c9e8de78 -> 
  custom:audio-decoder-ogg-vorbis: bf7c407c2cedff20999df2af8eb42d56 -> 
  custom:audio-encoder-webm-vorbis: bf7c407c2cedff20999df2af8eb42d56 -> 
========================================================================
Received Import Request.
  Time since last request: 2973.360298 seconds.
  path: Assets/Model/Kırıss.fbx
  artifactKey: Guid(248f34ea36c39944599ea7cd7cf4bafd) Importer(815301076,1909f56bfc062723c751e8b465ee728b)
Start importing Assets/Model/Kırıss.fbx using Guid(248f34ea36c39944599ea7cd7cf4bafd) Importer(815301076,1909f56bfc062723c751e8b465ee728b)  -> (artifact id: '3ebb630d073ba57e18774bf8e172ffad') in 0.210402 seconds 
  Import took 0.246102 seconds .

========================================================================
Received Import Request.
  Time since last request: 923.480702 seconds.
  path: Assets/Model/Shelf3.fbx
  artifactKey: Guid(4d7079bc32f2ac542983afd0884544c2) Importer(815301076,1909f56bfc062723c751e8b465ee728b)
Start importing Assets/Model/Shelf3.fbx using Guid(4d7079bc32f2ac542983afd0884544c2) Importer(815301076,1909f56bfc062723c751e8b465ee728b)  -> (artifact id: '7bdaa4109e10d04b81a234d874109da4') in 0.029944 seconds 
  Import took 0.032849 seconds .

========================================================================
Received Import Request.
  Time since last request: 600.243693 seconds.
  path: Assets/Model/Saat.fbx
  artifactKey: Guid(a5535a73496510f42bb5a14d120ca3a2) Importer(815301076,1909f56bfc062723c751e8b465ee728b)
Start importing Assets/Model/Saat.fbx using Guid(a5535a73496510f42bb5a14d120ca3a2) Importer(815301076,1909f56bfc062723c751e8b465ee728b)  -> (artifact id: '2a2901a4a8e29ac66913e43583d1450b') in 0.022245 seconds 
  Import took 0.053175 seconds .

========================================================================
Received Import Request.
  Time since last request: 0.000203 seconds.
  path: Assets/Model/Tabela.fbx
  artifactKey: Guid(dee29dac3ed52444c9296b92464da11c) Importer(815301076,1909f56bfc062723c751e8b465ee728b)
Start importing Assets/Model/Tabela.fbx using Guid(dee29dac3ed52444c9296b92464da11c) Importer(815301076,1909f56bfc062723c751e8b465ee728b)  -> (artifact id: 'ceebf2778fee2163ea6fc7b8a35fb762') in 0.034099 seconds 
  Import took 0.036523 seconds .

========================================================================
Received Import Request.
  Time since last request: 0.000210 seconds.
  path: Assets/Model/Table2.fbx
  artifactKey: Guid(f0d05d0338b48884cbeee9b4299a8a10) Importer(815301076,1909f56bfc062723c751e8b465ee728b)
Start importing Assets/Model/Table2.fbx using Guid(f0d05d0338b48884cbeee9b4299a8a10) Importer(815301076,1909f56bfc062723c751e8b465ee728b)  -> (artifact id: '8d1ea3dbd373fc82fefdbc2df1baeedc') in 0.019897 seconds 
  Import took 0.022177 seconds .

========================================================================
Received Import Request.
  Time since last request: 0.000237 seconds.
  path: Assets/Model/tabela3.fbx
  artifactKey: Guid(de2a1ef88ed415145b32205e3edd0d46) Importer(815301076,1909f56bfc062723c751e8b465ee728b)
Start importing Assets/Model/tabela3.fbx using Guid(de2a1ef88ed415145b32205e3edd0d46) Importer(815301076,1909f56bfc062723c751e8b465ee728b)  -> (artifact id: '3c7d8288e2518cf59351aa23bbcb8b0b') in 0.018571 seconds 
  Import took 0.020861 seconds .

========================================================================
Received Import Request.
  Time since last request: 11.436316 seconds.
  path: Assets/Model/Saat.fbx
  artifactKey: Guid(a5535a73496510f42bb5a14d120ca3a2) Importer(815301076,1909f56bfc062723c751e8b465ee728b)
Start importing Assets/Model/Saat.fbx using Guid(a5535a73496510f42bb5a14d120ca3a2) Importer(815301076,1909f56bfc062723c751e8b465ee728b)  -> (artifact id: 'c530134b5ec24e5fdedb9c58eb3fe103') in 0.016713 seconds 
  Import took 0.019478 seconds .

========================================================================
Received Import Request.
  Time since last request: 38.681326 seconds.
  path: Assets/Material/The_Wall_Clock1.mat
  artifactKey: Guid(b50cbd6e641191343846a8d37e60edeb) Importer(815301076,1909f56bfc062723c751e8b465ee728b)
Start importing Assets/Material/The_Wall_Clock1.mat using Guid(b50cbd6e641191343846a8d37e60edeb) Importer(815301076,1909f56bfc062723c751e8b465ee728b)  -> (artifact id: 'f7c55c672e9de8afc0911e5b9e0779b6') in 0.010047 seconds 
  Import took 0.012737 seconds .

========================================================================
Received Import Request.
  Time since last request: 14.530394 seconds.
  path: Assets/Material/Saat_The_Wall_Clock1_BaseMap.jpg
  artifactKey: Guid(5b87d6cccc935ae4fa1bb5591a597879) Importer(815301076,1909f56bfc062723c751e8b465ee728b)
Start importing Assets/Material/Saat_The_Wall_Clock1_BaseMap.jpg using Guid(5b87d6cccc935ae4fa1bb5591a597879) Importer(815301076,1909f56bfc062723c751e8b465ee728b)  -> (artifact id: '14a3cb856c25d3a55b79482d86e45de1') in 0.058998 seconds 
  Import took 0.061689 seconds .

========================================================================
Received Import Request.
  Time since last request: 0.000204 seconds.
  path: Assets/Material/Saat_The_Wall_Clock1_Normal.jpg
  artifactKey: Guid(35832dd5f79f7cc48b42162f60d56c92) Importer(815301076,1909f56bfc062723c751e8b465ee728b)
Start importing Assets/Material/Saat_The_Wall_Clock1_Normal.jpg using Guid(35832dd5f79f7cc48b42162f60d56c92) Importer(815301076,1909f56bfc062723c751e8b465ee728b)  -> (artifact id: '3f780069bf020d7e48c39d455fa492e8') in 0.010315 seconds 
  Import took 0.012578 seconds .

========================================================================
Received Import Request.
  Time since last request: 0.000207 seconds.
  path: Assets/Material/Saat_The_Wall_Clock1_Specular.jpg
  artifactKey: Guid(6debfaaa2d97c9149b97af9c5c9e1fcf) Importer(815301076,1909f56bfc062723c751e8b465ee728b)
Start importing Assets/Material/Saat_The_Wall_Clock1_Specular.jpg using Guid(6debfaaa2d97c9149b97af9c5c9e1fcf) Importer(815301076,1909f56bfc062723c751e8b465ee728b)  -> (artifact id: '45c1dd7d361674865761c5cebc44bd5f') in 0.009954 seconds 
  Import took 0.012522 seconds .

========================================================================
Received Import Request.
  Time since last request: 0.000294 seconds.
  path: Assets/Material/Saat_The_Wall_Clock1_MaskMap.jpg
  artifactKey: Guid(77818e796cbbebd49b6e86a73193998f) Importer(815301076,1909f56bfc062723c751e8b465ee728b)
Start importing Assets/Material/Saat_The_Wall_Clock1_MaskMap.jpg using Guid(77818e796cbbebd49b6e86a73193998f) Importer(815301076,1909f56bfc062723c751e8b465ee728b)  -> (artifact id: '01f7b5a2a0efdf9a5b5d186a08011b64') in 0.011146 seconds 
  Import took 0.015441 seconds .

========================================================================
Received Import Request.
  Time since last request: 61.518094 seconds.
  path: Assets/Material/Saat_The_Wall_Clock1_Normal.jpg
  artifactKey: Guid(35832dd5f79f7cc48b42162f60d56c92) Importer(815301076,1909f56bfc062723c751e8b465ee728b)
Start importing Assets/Material/Saat_The_Wall_Clock1_Normal.jpg using Guid(35832dd5f79f7cc48b42162f60d56c92) Importer(815301076,1909f56bfc062723c751e8b465ee728b)  -> (artifact id: '6cc20b267daa33445efe130d2385afbb') in 0.023692 seconds 
  Import took 0.089526 seconds .

========================================================================
Received Import Request.
  Time since last request: 70.333239 seconds.
  path: Assets/Model/Tabela.fbx
  artifactKey: Guid(dee29dac3ed52444c9296b92464da11c) Importer(815301076,1909f56bfc062723c751e8b465ee728b)
Start importing Assets/Model/Tabela.fbx using Guid(dee29dac3ed52444c9296b92464da11c) Importer(815301076,1909f56bfc062723c751e8b465ee728b)  -> (artifact id: 'fdf228f2b403ac78454e79413ed9f81e') in 0.020240 seconds 
  Import took 0.025611 seconds .

========================================================================
Received Import Request.
  Time since last request: 5.575657 seconds.
  path: Assets/Material/Table3.mat
  artifactKey: Guid(b909f0acd440e8e44bcab10e462ce9d6) Importer(815301076,1909f56bfc062723c751e8b465ee728b)
Start importing Assets/Material/Table3.mat using Guid(b909f0acd440e8e44bcab10e462ce9d6) Importer(815301076,1909f56bfc062723c751e8b465ee728b)  -> (artifact id: '696e1d6bdf0bc024edc20ad3e96aefcd') in 0.010453 seconds 
  Import took 0.035943 seconds .

========================================================================
Received Import Request.
  Time since last request: 36.030076 seconds.
  path: Assets/Material/Tabela_Table3_BaseMap.jpg
  artifactKey: Guid(32f54459e7d65894295f4166b17c044a) Importer(815301076,1909f56bfc062723c751e8b465ee728b)
Start importing Assets/Material/Tabela_Table3_BaseMap.jpg using Guid(32f54459e7d65894295f4166b17c044a) Importer(815301076,1909f56bfc062723c751e8b465ee728b)  -> (artifact id: '80c49d52b3c2e79e9724ec358d202f5f') in 0.012037 seconds 
  Import took 0.030014 seconds .

========================================================================
Received Import Request.
  Time since last request: 0.000195 seconds.
  path: Assets/Material/Tabela_Table3_Normal.jpg
  artifactKey: Guid(8bc97b0a4fe28624ca33f6b2fc15e5a4) Importer(815301076,1909f56bfc062723c751e8b465ee728b)
Start importing Assets/Material/Tabela_Table3_Normal.jpg using Guid(8bc97b0a4fe28624ca33f6b2fc15e5a4) Importer(815301076,1909f56bfc062723c751e8b465ee728b)  -> (artifact id: 'c04ff639ac5d92d49a6c56c4e8dbdf96') in 0.010973 seconds 
  Import took 0.013346 seconds .

========================================================================
Received Import Request.
  Time since last request: 172.257388 seconds.
  path: Assets/Animasyonlar_/Breathing Idle.fbx
  artifactKey: Guid(5da15d5d4c3874f299a8a8b7a9fc4982) Importer(815301076,1909f56bfc062723c751e8b465ee728b)
Start importing Assets/Animasyonlar_/Breathing Idle.fbx using Guid(5da15d5d4c3874f299a8a8b7a9fc4982) Importer(815301076,1909f56bfc062723c751e8b465ee728b)  -> (artifact id: '4702e1499e3c9780bacf1113b6e1135e') in 0.171795 seconds 
  Import took 0.197181 seconds .

========================================================================
Received Import Request.
  Time since last request: 0.000205 seconds.
  path: Assets/Animasyonlar_/T-Pose.fbx
  artifactKey: Guid(3cf0064c8225e4e7d9985201fb1b46d3) Importer(815301076,1909f56bfc062723c751e8b465ee728b)
Start importing Assets/Animasyonlar_/T-Pose.fbx using Guid(3cf0064c8225e4e7d9985201fb1b46d3) Importer(815301076,1909f56bfc062723c751e8b465ee728b)  -> (artifact id: '04565839748052a44115fdfd35fe2ea7') in 0.065602 seconds 
  Import took 0.080227 seconds .

========================================================================
Received Import Request.
  Time since last request: 0.000209 seconds.
  path: Assets/Animasyonlar_/Walking.fbx
  artifactKey: Guid(0737434fbbfaa4d0580276c71305af59) Importer(815301076,1909f56bfc062723c751e8b465ee728b)
Start importing Assets/Animasyonlar_/Walking.fbx using Guid(0737434fbbfaa4d0580276c71305af59) Importer(815301076,1909f56bfc062723c751e8b465ee728b)  -> (artifact id: '67bdd9beeb9c8ca951d9ff090b005119') in 0.128589 seconds 
  Import took 0.131349 seconds .

========================================================================
Received Import Request.
  Time since last request: 0.000206 seconds.
  path: Assets/Animasyonlar_/Standard Run.fbx
  artifactKey: Guid(409dda923208142c4bc3fb423da7be5a) Importer(815301076,1909f56bfc062723c751e8b465ee728b)
Start importing Assets/Animasyonlar_/Standard Run.fbx using Guid(409dda923208142c4bc3fb423da7be5a) Importer(815301076,1909f56bfc062723c751e8b465ee728b)  -> (artifact id: '52574ebbb752a13de958925f29c53c1c') in 0.096773 seconds 
  Import took 0.150798 seconds .

========================================================================
Received Import Request.
  Time since last request: 0.000208 seconds.
  path: Assets/Animasyonlar_/Taking Item (1).fbx
  artifactKey: Guid(537d1c46bf27445ceaafd1891b95d632) Importer(815301076,1909f56bfc062723c751e8b465ee728b)
Start importing Assets/Animasyonlar_/Taking Item (1).fbx using Guid(537d1c46bf27445ceaafd1891b95d632) Importer(815301076,1909f56bfc062723c751e8b465ee728b)  -> (artifact id: 'ddc680451d277c4ce684d631ab900dcc') in 0.188116 seconds 
  Import took 0.218842 seconds .

========================================================================
Received Import Request.
  Time since last request: 103.281837 seconds.
  path: Assets/Material/Tabela_Table3_Normal.jpg
  artifactKey: Guid(8bc97b0a4fe28624ca33f6b2fc15e5a4) Importer(815301076,1909f56bfc062723c751e8b465ee728b)
Start importing Assets/Material/Tabela_Table3_Normal.jpg using Guid(8bc97b0a4fe28624ca33f6b2fc15e5a4) Importer(815301076,1909f56bfc062723c751e8b465ee728b)  -> (artifact id: '0a9485f790ff4f8fcf44111968298599') in 0.023587 seconds 
  Import took 0.026369 seconds .

========================================================================
Received Import Request.
  Time since last request: 0.000202 seconds.
  path: Assets/Material/Table3.mat
  artifactKey: Guid(b909f0acd440e8e44bcab10e462ce9d6) Importer(815301076,1909f56bfc062723c751e8b465ee728b)
Start importing Assets/Material/Table3.mat using Guid(b909f0acd440e8e44bcab10e462ce9d6) Importer(815301076,1909f56bfc062723c751e8b465ee728b)  -> (artifact id: 'fd45497bc5175b659ef7525c704535c5') in 0.028348 seconds 
  Import took 0.030861 seconds .

========================================================================
Received Import Request.
  Time since last request: 0.000210 seconds.
  path: Assets/Material/The_Wall_Clock1.mat
  artifactKey: Guid(b50cbd6e641191343846a8d37e60edeb) Importer(815301076,1909f56bfc062723c751e8b465ee728b)
Start importing Assets/Material/The_Wall_Clock1.mat using Guid(b50cbd6e641191343846a8d37e60edeb) Importer(815301076,1909f56bfc062723c751e8b465ee728b)  -> (artifact id: 'd8c6b28e35adf164cfc589524d4f90aa') in 0.019121 seconds 
  Import took 0.055218 seconds .

========================================================================
Received Import Request.
  Time since last request: 0.000199 seconds.
  path: Assets/Material/Table3.mat
  artifactKey: Guid(b909f0acd440e8e44bcab10e462ce9d6) Importer(815301076,1909f56bfc062723c751e8b465ee728b)
Start importing Assets/Material/Table3.mat using Guid(b909f0acd440e8e44bcab10e462ce9d6) Importer(815301076,1909f56bfc062723c751e8b465ee728b)  -> (artifact id: 'fd45497bc5175b659ef7525c704535c5') in 0.015980 seconds 
  Import took 0.018610 seconds .

========================================================================
Received Import Request.
  Time since last request: 56.322236 seconds.
  path: Assets/Model/tabela3.fbx
  artifactKey: Guid(de2a1ef88ed415145b32205e3edd0d46) Importer(815301076,1909f56bfc062723c751e8b465ee728b)
Start importing Assets/Model/tabela3.fbx using Guid(de2a1ef88ed415145b32205e3edd0d46) Importer(815301076,1909f56bfc062723c751e8b465ee728b)  -> (artifact id: 'bf92e2595251324d6ade72360764ba3f') in 0.017804 seconds 
  Import took 0.020596 seconds .

========================================================================
Received Import Request.
  Time since last request: 0.838708 seconds.
  path: Assets/Material/Table5.mat
  artifactKey: Guid(3eb304ff5bcc7bc46970e7580059ac49) Importer(815301076,1909f56bfc062723c751e8b465ee728b)
Start importing Assets/Material/Table5.mat using Guid(3eb304ff5bcc7bc46970e7580059ac49) Importer(815301076,1909f56bfc062723c751e8b465ee728b)  -> (artifact id: '119716223f7502695705bcea771bd1cb') in 0.010219 seconds 
  Import took 0.080948 seconds .

========================================================================
Received Import Request.
  Time since last request: 10.633607 seconds.
  path: Assets/Material/tabela3_Table5_BaseMap.jpg
  artifactKey: Guid(1ae24a3c1f85e21468a1c9f3e2149575) Importer(815301076,1909f56bfc062723c751e8b465ee728b)
Start importing Assets/Material/tabela3_Table5_BaseMap.jpg using Guid(1ae24a3c1f85e21468a1c9f3e2149575) Importer(815301076,1909f56bfc062723c751e8b465ee728b)  -> (artifact id: '6b521a57b30e68c6e3368d8261df977f') in 0.012326 seconds 
  Import took 0.015761 seconds .

========================================================================
Received Import Request.
  Time since last request: 0.000257 seconds.
  path: Assets/Material/tabela3_Table5_Normal.jpg
  artifactKey: Guid(3f331e8d6b7e708479d06edfaa2e1f4c) Importer(815301076,1909f56bfc062723c751e8b465ee728b)
Start importing Assets/Material/tabela3_Table5_Normal.jpg using Guid(3f331e8d6b7e708479d06edfaa2e1f4c) Importer(815301076,1909f56bfc062723c751e8b465ee728b)  -> (artifact id: 'd2f4a72c85995a2c34324ef3473b6442') in 0.010712 seconds 
  Import took 0.013562 seconds .

========================================================================
Received Import Request.
  Time since last request: 27.492497 seconds.
  path: Assets/Model/Table2.fbx
  artifactKey: Guid(f0d05d0338b48884cbeee9b4299a8a10) Importer(815301076,1909f56bfc062723c751e8b465ee728b)
Start importing Assets/Model/Table2.fbx using Guid(f0d05d0338b48884cbeee9b4299a8a10) Importer(815301076,1909f56bfc062723c751e8b465ee728b)  -> (artifact id: 'fbed7e5a2bdf4d5dc4593f8e6d68ea2e') in 0.039359 seconds 
  Import took 0.056657 seconds .

========================================================================
Received Import Request.
  Time since last request: 0.829836 seconds.
  path: Assets/Material/Table4.mat
  artifactKey: Guid(6d1788a4fa7cf0e4f93984aace2ccf84) Importer(815301076,1909f56bfc062723c751e8b465ee728b)
Start importing Assets/Material/Table4.mat using Guid(6d1788a4fa7cf0e4f93984aace2ccf84) Importer(815301076,1909f56bfc062723c751e8b465ee728b)  -> (artifact id: 'f71f7bfba407f0695bb2f1c622bf7d87') in 0.009885 seconds 
  Import took 0.033410 seconds .

========================================================================
Received Import Request.
  Time since last request: 15.360297 seconds.
  path: Assets/Material/Table2_Table4_BaseMap.jpg
  artifactKey: Guid(64bb2726a17904447bad0bd13e1a3d48) Importer(815301076,1909f56bfc062723c751e8b465ee728b)
Start importing Assets/Material/Table2_Table4_BaseMap.jpg using Guid(64bb2726a17904447bad0bd13e1a3d48) Importer(815301076,1909f56bfc062723c751e8b465ee728b)  -> (artifact id: 'c3465480ac82a356e7d0d53f6ae472aa') in 0.012396 seconds 
  Import took 0.015477 seconds .

========================================================================
Received Import Request.
  Time since last request: 0.000279 seconds.
  path: Assets/Material/Table2_Table4_Normal.jpg
  artifactKey: Guid(1133605fe400bd643af97df62a78f3ff) Importer(815301076,1909f56bfc062723c751e8b465ee728b)
Start importing Assets/Material/Table2_Table4_Normal.jpg using Guid(1133605fe400bd643af97df62a78f3ff) Importer(815301076,1909f56bfc062723c751e8b465ee728b)  -> (artifact id: '9640996fb707058eb21439aceefb7091') in 0.011436 seconds 
  Import took 0.038492 seconds .

========================================================================
Received Import Request.
  Time since last request: 0.001040 seconds.
  path: Assets/Material/Table2_Table4_Normal.jpg
  artifactKey: Guid(1133605fe400bd643af97df62a78f3ff) Importer(815301076,1909f56bfc062723c751e8b465ee728b)
Start importing Assets/Material/Table2_Table4_Normal.jpg using Guid(1133605fe400bd643af97df62a78f3ff) Importer(815301076,1909f56bfc062723c751e8b465ee728b)  -> (artifact id: '9640996fb707058eb21439aceefb7091') in 0.007187 seconds 
  Import took 0.010307 seconds .

========================================================================
Received Import Request.
  Time since last request: 3828.974070 seconds.
  path: Assets/Model/Ürün24.fbx
  artifactKey: Guid(18dddd201a8cedd4fb9da2551ccff777) Importer(815301076,1909f56bfc062723c751e8b465ee728b)
Start importing Assets/Model/Ürün24.fbx using Guid(18dddd201a8cedd4fb9da2551ccff777) Importer(815301076,1909f56bfc062723c751e8b465ee728b)  -> (artifact id: '7a0cbb57b81cd263bc95eeabaa025d80') in 0.052942 seconds 
  Import took 0.058616 seconds .

========================================================================
Received Import Request.
  Time since last request: 0.000195 seconds.
  path: Assets/Model/Ürün27.fbx
  artifactKey: Guid(efeaf9595b71988449512e36ba847610) Importer(815301076,1909f56bfc062723c751e8b465ee728b)
Start importing Assets/Model/Ürün27.fbx using Guid(efeaf9595b71988449512e36ba847610) Importer(815301076,1909f56bfc062723c751e8b465ee728b)  -> (artifact id: '10b9cfdc2eaf5aadc1ef41abf1048a39') in 0.037785 seconds 
  Import took 0.055208 seconds .

========================================================================
Received Import Request.
  Time since last request: 0.000193 seconds.
  path: Assets/Model/Ürün24.fbx
  artifactKey: Guid(18dddd201a8cedd4fb9da2551ccff777) Importer(815301076,1909f56bfc062723c751e8b465ee728b)
Start importing Assets/Model/Ürün24.fbx using Guid(18dddd201a8cedd4fb9da2551ccff777) Importer(815301076,1909f56bfc062723c751e8b465ee728b)  -> (artifact id: '7a0cbb57b81cd263bc95eeabaa025d80') in 0.017659 seconds 
  Import took 0.020055 seconds .

========================================================================
Received Import Request.
  Time since last request: 0.000232 seconds.
  path: Assets/Model/Ürün28.fbx
  artifactKey: Guid(95b9e0c952ec927429c6e2b8aa678cbe) Importer(815301076,1909f56bfc062723c751e8b465ee728b)
Start importing Assets/Model/Ürün28.fbx using Guid(95b9e0c952ec927429c6e2b8aa678cbe) Importer(815301076,1909f56bfc062723c751e8b465ee728b)  -> (artifact id: '0249dbe03423fc1aca07384b59681a46') in 0.018695 seconds 
  Import took 0.062928 seconds .

========================================================================
Received Import Request.
  Time since last request: 0.000206 seconds.
  path: Assets/Model/Ürün26.fbx
  artifactKey: Guid(4ca3bd0e26c6ad047b3cfa37e57756a9) Importer(815301076,1909f56bfc062723c751e8b465ee728b)
Start importing Assets/Model/Ürün26.fbx using Guid(4ca3bd0e26c6ad047b3cfa37e57756a9) Importer(815301076,1909f56bfc062723c751e8b465ee728b)  -> (artifact id: 'e8c9d143a0f9fd4c18eafffd179d3c9f') in 0.021396 seconds 
  Import took 0.061765 seconds .

========================================================================
Received Import Request.
  Time since last request: 0.000196 seconds.
  path: Assets/Model/Ürün25.fbx
  artifactKey: Guid(4b26d6aeb758720469548f21bf2cad34) Importer(815301076,1909f56bfc062723c751e8b465ee728b)
Start importing Assets/Model/Ürün25.fbx using Guid(4b26d6aeb758720469548f21bf2cad34) Importer(815301076,1909f56bfc062723c751e8b465ee728b)  -> (artifact id: '8d6e478677436bee3ff7e73bd7c3173d') in 0.018391 seconds 
  Import took 0.020936 seconds .

========================================================================
Received Import Request.
  Time since last request: 1210.578437 seconds.
  path: Assets/Model/Ürün29.fbx
  artifactKey: Guid(87e9b7faa53799146b6818407b526e5f) Importer(815301076,1909f56bfc062723c751e8b465ee728b)
Start importing Assets/Model/Ürün29.fbx using Guid(87e9b7faa53799146b6818407b526e5f) Importer(815301076,1909f56bfc062723c751e8b465ee728b)  -> (artifact id: '3ee718fe297894717cbd9789118b372e') in 0.023877 seconds 
  Import took 0.027144 seconds .

========================================================================
Received Import Request.
  Time since last request: 0.000256 seconds.
  path: Assets/Model/Ürün33.fbx
  artifactKey: Guid(895960b727b04a34ab5a7cf21924638b) Importer(815301076,1909f56bfc062723c751e8b465ee728b)
Start importing Assets/Model/Ürün33.fbx using Guid(895960b727b04a34ab5a7cf21924638b) Importer(815301076,1909f56bfc062723c751e8b465ee728b)  -> (artifact id: 'ec21507f2b824c3cf031abb3d5ee4480') in 0.023558 seconds 
  Import took 0.047014 seconds .

========================================================================
Received Import Request.
  Time since last request: 0.000206 seconds.
  path: Assets/Model/Ürün30.fbx
  artifactKey: Guid(fbc1d3e88dd2edb4daddc237a5258d4e) Importer(815301076,1909f56bfc062723c751e8b465ee728b)
Start importing Assets/Model/Ürün30.fbx using Guid(fbc1d3e88dd2edb4daddc237a5258d4e) Importer(815301076,1909f56bfc062723c751e8b465ee728b)  -> (artifact id: '011d5cab3767e3e049e892001e6881a2') in 0.020664 seconds 
  Import took 0.023279 seconds .

========================================================================
Received Import Request.
  Time since last request: 0.000254 seconds.
  path: Assets/Model/Ürün34.fbx
  artifactKey: Guid(ffa596f9da17bcd4f9f94302ae82e8a6) Importer(815301076,1909f56bfc062723c751e8b465ee728b)
Start importing Assets/Model/Ürün34.fbx using Guid(ffa596f9da17bcd4f9f94302ae82e8a6) Importer(815301076,1909f56bfc062723c751e8b465ee728b)  -> (artifact id: '3ba534f3536702177b59e9dcd7b49045') in 0.021307 seconds 
  Import took 0.048449 seconds .

========================================================================
Received Import Request.
  Time since last request: 0.000195 seconds.
  path: Assets/Model/Ürün31.fbx
  artifactKey: Guid(5d035fcc3c5a9df4bb6a88fbfd9cce81) Importer(815301076,1909f56bfc062723c751e8b465ee728b)
Start importing Assets/Model/Ürün31.fbx using Guid(5d035fcc3c5a9df4bb6a88fbfd9cce81) Importer(815301076,1909f56bfc062723c751e8b465ee728b)  -> (artifact id: 'd2c51bd5a25c42bae2e51f349f6f2e0e') in 0.020987 seconds 
  Import took 0.023601 seconds .

========================================================================
Received Import Request.
  Time since last request: 0.000207 seconds.
  path: Assets/Model/Ürün32.fbx
  artifactKey: Guid(1e6ee6f5e8278004594148e318d90e9c) Importer(815301076,1909f56bfc062723c751e8b465ee728b)
Start importing Assets/Model/Ürün32.fbx using Guid(1e6ee6f5e8278004594148e318d90e9c) Importer(815301076,1909f56bfc062723c751e8b465ee728b)  -> (artifact id: '522b6b0cf8b6dde9c3ddefaed71256a5') in 0.021887 seconds 
  Import took 0.045290 seconds .

========================================================================
Received Import Request.
  Time since last request: 0.000195 seconds.
  path: Assets/Model/Ürün31.fbx
  artifactKey: Guid(5d035fcc3c5a9df4bb6a88fbfd9cce81) Importer(815301076,1909f56bfc062723c751e8b465ee728b)
Start importing Assets/Model/Ürün31.fbx using Guid(5d035fcc3c5a9df4bb6a88fbfd9cce81) Importer(815301076,1909f56bfc062723c751e8b465ee728b)  -> (artifact id: 'd2c51bd5a25c42bae2e51f349f6f2e0e') in 0.019378 seconds 
  Import took 0.022027 seconds .

========================================================================
Received Import Request.
  Time since last request: 256.641718 seconds.
  path: Assets/Model/Ürün35.fbx
  artifactKey: Guid(0b29d31b0cc9f154389f7d613255c9a9) Importer(815301076,1909f56bfc062723c751e8b465ee728b)
Start importing Assets/Model/Ürün35.fbx using Guid(0b29d31b0cc9f154389f7d613255c9a9) Importer(815301076,1909f56bfc062723c751e8b465ee728b)  -> (artifact id: '8cb01adf172e1fc6268c1237cfc9cebc') in 0.023123 seconds 
  Import took 0.026235 seconds .

========================================================================
Received Import Request.
  Time since last request: 0.000207 seconds.
  path: Assets/Model/Ürün39.fbx
  artifactKey: Guid(14bdd000daab4694fb47bb17ca53073e) Importer(815301076,1909f56bfc062723c751e8b465ee728b)
Start importing Assets/Model/Ürün39.fbx using Guid(14bdd000daab4694fb47bb17ca53073e) Importer(815301076,1909f56bfc062723c751e8b465ee728b)  -> (artifact id: '2bc70d38a987beb6e04152c778e70bc7') in 0.023422 seconds 
  Import took 0.046540 seconds .

========================================================================
Received Import Request.
  Time since last request: 0.000181 seconds.
  path: Assets/Model/Ürün37.fbx
  artifactKey: Guid(a859e29dbe7d7464d9d364cc01d72827) Importer(815301076,1909f56bfc062723c751e8b465ee728b)
Start importing Assets/Model/Ürün37.fbx using Guid(a859e29dbe7d7464d9d364cc01d72827) Importer(815301076,1909f56bfc062723c751e8b465ee728b)  -> (artifact id: '797d4fd02ab3765314780aa5b75f3491') in 0.019656 seconds 
  Import took 0.024029 seconds .

========================================================================
Received Import Request.
  Time since last request: 0.000204 seconds.
  path: Assets/Model/Ürün36.fbx
  artifactKey: Guid(0d06b5bf631eb2747a31aa563c8ca5e2) Importer(815301076,1909f56bfc062723c751e8b465ee728b)
Start importing Assets/Model/Ürün36.fbx using Guid(0d06b5bf631eb2747a31aa563c8ca5e2) Importer(815301076,1909f56bfc062723c751e8b465ee728b)  -> (artifact id: '6599881a6cb42b800548af31b2e76985') in 0.019237 seconds 
  Import took 0.021934 seconds .

========================================================================
Received Import Request.
  Time since last request: 0.000203 seconds.
  path: Assets/Model/Ürün38.fbx
  artifactKey: Guid(8d9f9801d2ac69f449f25b30ec7f0f38) Importer(815301076,1909f56bfc062723c751e8b465ee728b)
Start importing Assets/Model/Ürün38.fbx using Guid(8d9f9801d2ac69f449f25b30ec7f0f38) Importer(815301076,1909f56bfc062723c751e8b465ee728b)  -> (artifact id: 'e209e359478cb2b668337e178b954d8f') in 0.019157 seconds 
  Import took 0.030330 seconds .

========================================================================
Received Import Request.
  Time since last request: 0.000195 seconds.
  path: Assets/Model/Ürün40.fbx
  artifactKey: Guid(1e10b7a3f7d1d304882ab32191c1148f) Importer(815301076,1909f56bfc062723c751e8b465ee728b)
Start importing Assets/Model/Ürün40.fbx using Guid(1e10b7a3f7d1d304882ab32191c1148f) Importer(815301076,1909f56bfc062723c751e8b465ee728b)  -> (artifact id: 'd73fbe2001d681f03a68d797c1c948ce') in 0.019971 seconds 
  Import took 0.022399 seconds .

========================================================================
Received Import Request.
  Time since last request: 0.001343 seconds.
  path: Assets/Model/Ürün40.fbx
  artifactKey: Guid(1e10b7a3f7d1d304882ab32191c1148f) Importer(815301076,1909f56bfc062723c751e8b465ee728b)
Start importing Assets/Model/Ürün40.fbx using Guid(1e10b7a3f7d1d304882ab32191c1148f) Importer(815301076,1909f56bfc062723c751e8b465ee728b)  -> (artifact id: 'd73fbe2001d681f03a68d797c1c948ce') in 0.020310 seconds 
  Import took 0.023210 seconds .

========================================================================
Received Import Request.
  Time since last request: 426.330435 seconds.
  path: Assets/Model/Ürün41.fbx
  artifactKey: Guid(bd6e4250454e71c41952f872ec84a866) Importer(815301076,1909f56bfc062723c751e8b465ee728b)
Start importing Assets/Model/Ürün41.fbx using Guid(bd6e4250454e71c41952f872ec84a866) Importer(815301076,1909f56bfc062723c751e8b465ee728b)  -> (artifact id: 'ab561813aa7dc9b5bf35d45be0a21ae1') in 0.022107 seconds 
  Import took 0.025163 seconds .

========================================================================
Received Import Request.
  Time since last request: 0.000226 seconds.
  path: Assets/Model/Ürün46.fbx
  artifactKey: Guid(ee2e2aa67dd6c8248a83a69add8ecb53) Importer(815301076,1909f56bfc062723c751e8b465ee728b)
Start importing Assets/Model/Ürün46.fbx using Guid(ee2e2aa67dd6c8248a83a69add8ecb53) Importer(815301076,1909f56bfc062723c751e8b465ee728b)  -> (artifact id: '7654171ec6fcbd3f72a4539258e2397c') in 0.022829 seconds 
  Import took 0.035995 seconds .

========================================================================
Received Import Request.
  Time since last request: 0.000208 seconds.
  path: Assets/Model/Ürün45.fbx
  artifactKey: Guid(3b152ea16ca72014eb2cfae4c5800817) Importer(815301076,1909f56bfc062723c751e8b465ee728b)
Start importing Assets/Model/Ürün45.fbx using Guid(3b152ea16ca72014eb2cfae4c5800817) Importer(815301076,1909f56bfc062723c751e8b465ee728b)  -> (artifact id: 'df9b06686750868e1fa68bb3aa366b2f') in 0.019384 seconds 
  Import took 0.032622 seconds .

========================================================================
Received Import Request.
  Time since last request: 0.000210 seconds.
  path: Assets/Model/Ürün44.fbx
  artifactKey: Guid(0c3c5822a3243594aa20f4f7ba279b2b) Importer(815301076,1909f56bfc062723c751e8b465ee728b)
Start importing Assets/Model/Ürün44.fbx using Guid(0c3c5822a3243594aa20f4f7ba279b2b) Importer(815301076,1909f56bfc062723c751e8b465ee728b)  -> (artifact id: '5b6695bf078078ac74046cf2b9edc397') in 0.019934 seconds 
  Import took 0.022703 seconds .

========================================================================
Received Import Request.
  Time since last request: 0.000278 seconds.
  path: Assets/Model/Ürün43.fbx
  artifactKey: Guid(e66abed2dcbfc5e4db24618b3fa25bec) Importer(815301076,1909f56bfc062723c751e8b465ee728b)
Start importing Assets/Model/Ürün43.fbx using Guid(e66abed2dcbfc5e4db24618b3fa25bec) Importer(815301076,1909f56bfc062723c751e8b465ee728b)  -> (artifact id: '5540f71b005fd2e627c66a8acfce74e2') in 0.021767 seconds 
  Import took 0.024818 seconds .

========================================================================
Received Import Request.
  Time since last request: 0.000185 seconds.
  path: Assets/Model/Ürün42.fbx
  artifactKey: Guid(a60e8fa53403d7845a6f48d4fc8c9e40) Importer(815301076,1909f56bfc062723c751e8b465ee728b)
Start importing Assets/Model/Ürün42.fbx using Guid(a60e8fa53403d7845a6f48d4fc8c9e40) Importer(815301076,1909f56bfc062723c751e8b465ee728b)  -> (artifact id: '9ad4415a0a4c451f8024d2c5337cccb2') in 0.022045 seconds 
  Import took 0.035457 seconds .

========================================================================
Received Prepare
Registering precompiled user dll's ...
Registered in 0.003540 seconds.
Begin MonoManager ReloadAssembly
Native extension for WindowsStandalone target not found
Refreshing native plugins compatible for Editor in 0.42 ms, found 2 plugins.
Preloading 0 native plugins for Editor in 0.00 ms.
Mono: successfully reloaded assembly
- Completed reload, in  1.199 seconds
Platform modules already initialized, skipping
Refreshing native plugins compatible for Editor in 0.40 ms, found 2 plugins.
Preloading 0 native plugins for Editor in 0.00 ms.
Unloading 1538 Unused Serialized files (Serialized files now loaded: 0)
System memory in use before: 87.3 MB.
System memory in use after: 87.4 MB.

Unloading 12 unused Assets to reduce memory usage. Loaded Objects now: 2040.
Total: 2.239500 ms (FindLiveObjects: 0.184300 ms CreateObjectMapping: 0.040300 ms MarkObjects: 1.996300 ms  DeleteObjects: 0.017600 ms)

AssetImportParameters requested are different than current active one (requested -> active):
  custom:framework-win-MediaFoundation: 216162199b28c13a410421893ffa2e32 -> 
  custom:video-decoder-ogg-theora: a1e56fd34408186e4bbccfd4996cb3dc -> 
  custom:container-muxer-webm: aa71ff27fc2769a1b78a27578f13a17b -> 
  custom:container-demuxer-webm: 4f35f7cbe854078d1ac9338744f61a02 -> 
  custom:container-demuxer-ogg: 62fdf1f143b41e24485cea50d1cbac27 -> 
  custom:video-encoder-webm-vp8: eb34c28f22e8b96e1ab97ce403110664 -> 
  custom:video-decoder-webm-vp8: 9c59270c3fd7afecdb556c50c9e8de78 -> 
  custom:audio-decoder-ogg-vorbis: bf7c407c2cedff20999df2af8eb42d56 -> 
  custom:audio-encoder-webm-vorbis: bf7c407c2cedff20999df2af8eb42d56 -> 
========================================================================
Received Import Request.
  Time since last request: 1394.816113 seconds.
  path: Assets/Model/Ürün47.fbx
  artifactKey: Guid(67fd22ffad6f91a4dadeeb149f57c336) Importer(815301076,1909f56bfc062723c751e8b465ee728b)
Start importing Assets/Model/Ürün47.fbx using Guid(67fd22ffad6f91a4dadeeb149f57c336) Importer(815301076,1909f56bfc062723c751e8b465ee728b)  -> (artifact id: '1a688cf17d4cbb0ce5cd4aa8f767b928') in 0.100518 seconds 
  Import took 0.127500 seconds .

========================================================================
Received Import Request.
  Time since last request: 0.000198 seconds.
  path: Assets/Model/Ürün49.fbx
  artifactKey: Guid(a0d4bc11792d93f409e87d5312061ea5) Importer(815301076,1909f56bfc062723c751e8b465ee728b)
Start importing Assets/Model/Ürün49.fbx using Guid(a0d4bc11792d93f409e87d5312061ea5) Importer(815301076,1909f56bfc062723c751e8b465ee728b)  -> (artifact id: 'b96b31fe1ae9d81487cfde98ed6af276') in 0.020863 seconds 
  Import took 0.023263 seconds .

========================================================================
Received Import Request.
  Time since last request: 0.000218 seconds.
  path: Assets/Model/Ürün48.fbx
  artifactKey: Guid(dd035a142e6614f4e8a543afd2cf3442) Importer(815301076,1909f56bfc062723c751e8b465ee728b)
Start importing Assets/Model/Ürün48.fbx using Guid(dd035a142e6614f4e8a543afd2cf3442) Importer(815301076,1909f56bfc062723c751e8b465ee728b)  -> (artifact id: '430f51ff81df6ee531807e1a1be5bdc8') in 0.020437 seconds 
  Import took 0.023134 seconds .

========================================================================
Received Import Request.
  Time since last request: 444.865543 seconds.
  path: Assets/Model/Ürün50.fbx
  artifactKey: Guid(0c97a1a717488a647b6cf35b8f0b834e) Importer(815301076,1909f56bfc062723c751e8b465ee728b)
Start importing Assets/Model/Ürün50.fbx using Guid(0c97a1a717488a647b6cf35b8f0b834e) Importer(815301076,1909f56bfc062723c751e8b465ee728b)  -> (artifact id: 'b463b88e12c1cf714cc88d94389ef021') in 0.024048 seconds 
  Import took 0.034163 seconds .

========================================================================
Received Import Request.
  Time since last request: 0.000252 seconds.
  path: Assets/Model/Ürün51.fbx
  artifactKey: Guid(7c0adb7b7bc93474dbccd1de911ba851) Importer(815301076,1909f56bfc062723c751e8b465ee728b)
Start importing Assets/Model/Ürün51.fbx using Guid(7c0adb7b7bc93474dbccd1de911ba851) Importer(815301076,1909f56bfc062723c751e8b465ee728b)  -> (artifact id: '7d7d3c0b31d64d9d242d7b44acfdf003') in 0.022009 seconds 
  Import took 0.031374 seconds .

AssetImportWorkerClient::OnTransportError - code=2 error=End of file
